{"C:\\project\\MonoCraft\\dist\\actions\\fetchTranslated.js": {"path":"C:\\project\\MonoCraft\\dist\\actions\\fetchTranslated.js","all":false,"statementMap":{"0":{"start":{"line":1,"column":0},"end":{"line":1,"column":13}},"1":{"start":{"line":2,"column":0},"end":{"line":2,"column":90}},"2":{"start":{"line":3,"column":0},"end":{"line":3,"column":112}},"3":{"start":{"line":4,"column":0},"end":{"line":4,"column":64}},"4":{"start":{"line":5,"column":0},"end":{"line":5,"column":99}},"5":{"start":{"line":6,"column":0},"end":{"line":6,"column":102}},"6":{"start":{"line":7,"column":0},"end":{"line":7,"column":118}},"7":{"start":{"line":8,"column":0},"end":{"line":8,"column":78}},"8":{"start":{"line":9,"column":0},"end":{"line":9,"column":7}},"9":{"start":{"line":10,"column":0},"end":{"line":10,"column":2}},"10":{"start":{"line":11,"column":0},"end":{"line":11,"column":72}},"11":{"start":{"line":12,"column":0},"end":{"line":12,"column":62}},"12":{"start":{"line":13,"column":0},"end":{"line":13,"column":2}},"13":{"start":{"line":14,"column":0},"end":{"line":14,"column":62}},"14":{"start":{"line":15,"column":0},"end":{"line":15,"column":50}},"15":{"start":{"line":16,"column":0},"end":{"line":16,"column":32}},"16":{"start":{"line":17,"column":0},"end":{"line":17,"column":57}},"17":{"start":{"line":18,"column":0},"end":{"line":18,"column":25}},"18":{"start":{"line":19,"column":0},"end":{"line":19,"column":27}},"19":{"start":{"line":20,"column":0},"end":{"line":20,"column":78}},"20":{"start":{"line":21,"column":0},"end":{"line":21,"column":21}},"21":{"start":{"line":22,"column":0},"end":{"line":22,"column":37}},"22":{"start":{"line":23,"column":0},"end":{"line":23,"column":35}},"23":{"start":{"line":24,"column":0},"end":{"line":24,"column":34}},"24":{"start":{"line":25,"column":0},"end":{"line":25,"column":44}},"25":{"start":{"line":26,"column":0},"end":{"line":26,"column":14}},"26":{"start":{"line":27,"column":0},"end":{"line":27,"column":22}},"27":{"start":{"line":28,"column":0},"end":{"line":28,"column":51}},"28":{"start":{"line":29,"column":0},"end":{"line":29,"column":87}},"29":{"start":{"line":30,"column":0},"end":{"line":30,"column":78}},"30":{"start":{"line":31,"column":0},"end":{"line":31,"column":14}},"31":{"start":{"line":32,"column":0},"end":{"line":32,"column":19}},"32":{"start":{"line":33,"column":0},"end":{"line":33,"column":17}},"33":{"start":{"line":34,"column":0},"end":{"line":34,"column":25}},"34":{"start":{"line":35,"column":0},"end":{"line":35,"column":18}},"35":{"start":{"line":36,"column":0},"end":{"line":36,"column":14}},"36":{"start":{"line":37,"column":0},"end":{"line":37,"column":10}},"37":{"start":{"line":38,"column":0},"end":{"line":38,"column":13}},"38":{"start":{"line":39,"column":0},"end":{"line":39,"column":64}},"39":{"start":{"line":40,"column":0},"end":{"line":40,"column":53}},"40":{"start":{"line":41,"column":0},"end":{"line":41,"column":9}},"41":{"start":{"line":42,"column":0},"end":{"line":42,"column":21}},"42":{"start":{"line":43,"column":0},"end":{"line":43,"column":26}},"43":{"start":{"line":44,"column":0},"end":{"line":44,"column":9}},"44":{"start":{"line":45,"column":0},"end":{"line":45,"column":7}},"45":{"start":{"line":46,"column":0},"end":{"line":46,"column":1}},"46":{"start":{"line":47,"column":0},"end":{"line":47,"column":34}}},"s":{"0":1,"1":1,"2":7,"3":7,"4":7,"5":7,"6":7,"7":7,"8":7,"9":7,"10":1,"11":2,"12":2,"13":1,"14":1,"15":7,"16":7,"17":7,"18":7,"19":7,"20":7,"21":7,"22":7,"23":7,"24":7,"25":7,"26":7,"27":7,"28":7,"29":7,"30":7,"31":7,"32":7,"33":7,"34":7,"35":7,"36":7,"37":7,"38":7,"39":7,"40":7,"41":7,"42":0,"43":0,"44":7,"45":7,"46":1},"branchMap":{"0":{"type":"branch","line":2,"loc":{"start":{"line":2,"column":44},"end":{"line":10,"column":2}},"locations":[{"start":{"line":2,"column":44},"end":{"line":10,"column":2}}]},"1":{"type":"branch","line":3,"loc":{"start":{"line":3,"column":4},"end":{"line":3,"column":112}},"locations":[{"start":{"line":3,"column":4},"end":{"line":3,"column":112}}]},"2":{"type":"branch","line":3,"loc":{"start":{"line":3,"column":61},"end":{"line":3,"column":109}},"locations":[{"start":{"line":3,"column":61},"end":{"line":3,"column":109}}]},"3":{"type":"branch","line":4,"loc":{"start":{"line":4,"column":36},"end":{"line":9,"column":5}},"locations":[{"start":{"line":4,"column":36},"end":{"line":9,"column":5}}]},"4":{"type":"branch","line":5,"loc":{"start":{"line":5,"column":8},"end":{"line":5,"column":99}},"locations":[{"start":{"line":5,"column":8},"end":{"line":5,"column":99}}]},"5":{"type":"branch","line":5,"loc":{"start":{"line":5,"column":73},"end":{"line":5,"column":98}},"locations":[{"start":{"line":5,"column":73},"end":{"line":5,"column":98}}]},"6":{"type":"branch","line":7,"loc":{"start":{"line":7,"column":8},"end":{"line":7,"column":118}},"locations":[{"start":{"line":7,"column":8},"end":{"line":7,"column":118}}]},"7":{"type":"branch","line":7,"loc":{"start":{"line":7,"column":43},"end":{"line":7,"column":67}},"locations":[{"start":{"line":7,"column":43},"end":{"line":7,"column":67}}]},"8":{"type":"branch","line":7,"loc":{"start":{"line":7,"column":67},"end":{"line":7,"column":115}},"locations":[{"start":{"line":7,"column":67},"end":{"line":7,"column":115}}]},"9":{"type":"branch","line":11,"loc":{"start":{"line":11,"column":56},"end":{"line":13,"column":2}},"locations":[{"start":{"line":11,"column":56},"end":{"line":13,"column":2}}]},"10":{"type":"branch","line":12,"loc":{"start":{"line":12,"column":33},"end":{"line":12,"column":40}},"locations":[{"start":{"line":12,"column":33},"end":{"line":12,"column":40}}]},"11":{"type":"branch","line":16,"loc":{"start":{"line":16,"column":0},"end":{"line":46,"column":1}},"locations":[{"start":{"line":16,"column":0},"end":{"line":46,"column":1}}]},"12":{"type":"branch","line":17,"loc":{"start":{"line":17,"column":43},"end":{"line":45,"column":5}},"locations":[{"start":{"line":17,"column":43},"end":{"line":45,"column":5}}]},"13":{"type":"branch","line":42,"loc":{"start":{"line":42,"column":8},"end":{"line":44,"column":9}},"locations":[{"start":{"line":42,"column":8},"end":{"line":44,"column":9}}]}},"b":{"0":[7],"1":[7],"2":[0],"3":[7],"4":[7],"5":[0],"6":[14],"7":[7],"8":[7],"9":[2],"10":[0],"11":[7],"12":[7],"13":[0]},"fnMap":{"0":{"name":"Object.<anonymous>.__awaiter","decl":{"start":{"line":2,"column":44},"end":{"line":10,"column":2}},"loc":{"start":{"line":2,"column":44},"end":{"line":10,"column":2}},"line":2},"1":{"name":"adopt","decl":{"start":{"line":3,"column":4},"end":{"line":3,"column":112}},"loc":{"start":{"line":3,"column":4},"end":{"line":3,"column":112}},"line":3},"2":{"name":"fulfilled","decl":{"start":{"line":5,"column":8},"end":{"line":5,"column":99}},"loc":{"start":{"line":5,"column":8},"end":{"line":5,"column":99}},"line":5},"3":{"name":"rejected","decl":{"start":{"line":6,"column":8},"end":{"line":6,"column":102}},"loc":{"start":{"line":6,"column":8},"end":{"line":6,"column":102}},"line":6},"4":{"name":"step","decl":{"start":{"line":7,"column":8},"end":{"line":7,"column":118}},"loc":{"start":{"line":7,"column":8},"end":{"line":7,"column":118}},"line":7},"5":{"name":"Object.<anonymous>.__importDefault","decl":{"start":{"line":11,"column":56},"end":{"line":13,"column":2}},"loc":{"start":{"line":11,"column":56},"end":{"line":13,"column":2}},"line":11},"6":{"name":"fetchTranslated","decl":{"start":{"line":16,"column":0},"end":{"line":46,"column":1}},"loc":{"start":{"line":16,"column":0},"end":{"line":46,"column":1}},"line":16}},"f":{"0":7,"1":7,"2":7,"3":0,"4":14,"5":2,"6":7}}
,"C:\\project\\MonoCraft\\dist\\actions\\translateAll.js": {"path":"C:\\project\\MonoCraft\\dist\\actions\\translateAll.js","all":false,"statementMap":{"0":{"start":{"line":1,"column":0},"end":{"line":1,"column":13}},"1":{"start":{"line":2,"column":0},"end":{"line":2,"column":90}},"2":{"start":{"line":3,"column":0},"end":{"line":3,"column":112}},"3":{"start":{"line":4,"column":0},"end":{"line":4,"column":64}},"4":{"start":{"line":5,"column":0},"end":{"line":5,"column":99}},"5":{"start":{"line":6,"column":0},"end":{"line":6,"column":102}},"6":{"start":{"line":7,"column":0},"end":{"line":7,"column":118}},"7":{"start":{"line":8,"column":0},"end":{"line":8,"column":78}},"8":{"start":{"line":9,"column":0},"end":{"line":9,"column":7}},"9":{"start":{"line":10,"column":0},"end":{"line":10,"column":2}},"10":{"start":{"line":11,"column":0},"end":{"line":11,"column":66}},"11":{"start":{"line":12,"column":0},"end":{"line":12,"column":91}},"12":{"start":{"line":13,"column":0},"end":{"line":13,"column":39}},"13":{"start":{"line":14,"column":0},"end":{"line":14,"column":213}},"14":{"start":{"line":15,"column":0},"end":{"line":15,"column":164}},"15":{"start":{"line":16,"column":0},"end":{"line":16,"column":128}},"16":{"start":{"line":17,"column":0},"end":{"line":17,"column":2}},"17":{"start":{"line":18,"column":0},"end":{"line":18,"column":126}},"18":{"start":{"line":19,"column":0},"end":{"line":19,"column":101}},"19":{"start":{"line":20,"column":0},"end":{"line":20,"column":91}},"20":{"start":{"line":21,"column":0},"end":{"line":21,"column":66}},"21":{"start":{"line":22,"column":0},"end":{"line":22,"column":122}},"22":{"start":{"line":23,"column":0},"end":{"line":23,"column":142}},"23":{"start":{"line":24,"column":0},"end":{"line":24,"column":86}},"24":{"start":{"line":25,"column":0},"end":{"line":25,"column":124}},"25":{"start":{"line":26,"column":0},"end":{"line":26,"column":54}},"26":{"start":{"line":27,"column":0},"end":{"line":27,"column":54}},"27":{"start":{"line":28,"column":0},"end":{"line":28,"column":86}},"28":{"start":{"line":29,"column":0},"end":{"line":29,"column":2}},"29":{"start":{"line":30,"column":0},"end":{"line":30,"column":72}},"30":{"start":{"line":31,"column":0},"end":{"line":31,"column":62}},"31":{"start":{"line":32,"column":0},"end":{"line":32,"column":2}},"32":{"start":{"line":33,"column":0},"end":{"line":33,"column":62}},"33":{"start":{"line":34,"column":0},"end":{"line":34,"column":37}},"34":{"start":{"line":35,"column":0},"end":{"line":35,"column":47}},"35":{"start":{"line":36,"column":0},"end":{"line":36,"column":58}},"36":{"start":{"line":37,"column":0},"end":{"line":37,"column":51}},"37":{"start":{"line":38,"column":0},"end":{"line":38,"column":78}},"38":{"start":{"line":39,"column":0},"end":{"line":39,"column":15}},"39":{"start":{"line":40,"column":0},"end":{"line":40,"column":39}},"40":{"start":{"line":41,"column":0},"end":{"line":41,"column":74}},"41":{"start":{"line":42,"column":0},"end":{"line":42,"column":28}},"42":{"start":{"line":43,"column":0},"end":{"line":43,"column":22}},"43":{"start":{"line":44,"column":0},"end":{"line":44,"column":29}},"44":{"start":{"line":45,"column":0},"end":{"line":45,"column":24}},"45":{"start":{"line":46,"column":0},"end":{"line":46,"column":28}},"46":{"start":{"line":47,"column":0},"end":{"line":47,"column":34}},"47":{"start":{"line":48,"column":0},"end":{"line":48,"column":30}},"48":{"start":{"line":49,"column":0},"end":{"line":49,"column":13}},"49":{"start":{"line":50,"column":0},"end":{"line":50,"column":174}},"50":{"start":{"line":51,"column":0},"end":{"line":51,"column":40}},"51":{"start":{"line":52,"column":0},"end":{"line":52,"column":27}},"52":{"start":{"line":53,"column":0},"end":{"line":53,"column":33}},"53":{"start":{"line":54,"column":0},"end":{"line":54,"column":37}},"54":{"start":{"line":55,"column":0},"end":{"line":55,"column":70}},"55":{"start":{"line":56,"column":0},"end":{"line":56,"column":37}},"56":{"start":{"line":57,"column":0},"end":{"line":57,"column":67}},"57":{"start":{"line":58,"column":0},"end":{"line":58,"column":41}},"58":{"start":{"line":59,"column":0},"end":{"line":59,"column":50}},"59":{"start":{"line":60,"column":0},"end":{"line":60,"column":41}},"60":{"start":{"line":61,"column":0},"end":{"line":61,"column":25}},"61":{"start":{"line":62,"column":0},"end":{"line":62,"column":41}},"62":{"start":{"line":63,"column":0},"end":{"line":63,"column":21}},"63":{"start":{"line":64,"column":0},"end":{"line":64,"column":27}},"64":{"start":{"line":65,"column":0},"end":{"line":65,"column":59}},"65":{"start":{"line":66,"column":0},"end":{"line":66,"column":72}},"66":{"start":{"line":67,"column":0},"end":{"line":67,"column":75}},"67":{"start":{"line":68,"column":0},"end":{"line":68,"column":41}},"68":{"start":{"line":69,"column":0},"end":{"line":69,"column":34}},"69":{"start":{"line":70,"column":0},"end":{"line":70,"column":46}},"70":{"start":{"line":71,"column":0},"end":{"line":71,"column":54}},"71":{"start":{"line":72,"column":0},"end":{"line":72,"column":38}},"72":{"start":{"line":73,"column":0},"end":{"line":73,"column":40}},"73":{"start":{"line":74,"column":0},"end":{"line":74,"column":25}},"74":{"start":{"line":75,"column":0},"end":{"line":75,"column":21}},"75":{"start":{"line":76,"column":0},"end":{"line":76,"column":17}},"76":{"start":{"line":77,"column":0},"end":{"line":77,"column":84}},"77":{"start":{"line":78,"column":0},"end":{"line":78,"column":40}},"78":{"start":{"line":79,"column":0},"end":{"line":79,"column":80}},"79":{"start":{"line":80,"column":0},"end":{"line":80,"column":17}},"80":{"start":{"line":81,"column":0},"end":{"line":81,"column":13}},"81":{"start":{"line":82,"column":0},"end":{"line":82,"column":9}},"82":{"start":{"line":83,"column":0},"end":{"line":83,"column":49}},"83":{"start":{"line":84,"column":0},"end":{"line":84,"column":17}},"84":{"start":{"line":85,"column":0},"end":{"line":85,"column":17}},"85":{"start":{"line":86,"column":0},"end":{"line":86,"column":95}},"86":{"start":{"line":87,"column":0},"end":{"line":87,"column":13}},"87":{"start":{"line":88,"column":0},"end":{"line":88,"column":49}},"88":{"start":{"line":89,"column":0},"end":{"line":89,"column":9}},"89":{"start":{"line":90,"column":0},"end":{"line":90,"column":7}},"90":{"start":{"line":91,"column":0},"end":{"line":91,"column":1}},"91":{"start":{"line":92,"column":0},"end":{"line":92,"column":28}},"92":{"start":{"line":93,"column":0},"end":{"line":93,"column":70}},"93":{"start":{"line":94,"column":0},"end":{"line":94,"column":28}},"94":{"start":{"line":95,"column":0},"end":{"line":95,"column":13}},"95":{"start":{"line":96,"column":0},"end":{"line":96,"column":162}},"96":{"start":{"line":97,"column":0},"end":{"line":97,"column":38}},"97":{"start":{"line":98,"column":0},"end":{"line":98,"column":27}},"98":{"start":{"line":99,"column":0},"end":{"line":99,"column":32}},"99":{"start":{"line":100,"column":0},"end":{"line":100,"column":90}},"100":{"start":{"line":101,"column":0},"end":{"line":101,"column":73}},"101":{"start":{"line":102,"column":0},"end":{"line":102,"column":51}},"102":{"start":{"line":103,"column":0},"end":{"line":103,"column":13}},"103":{"start":{"line":104,"column":0},"end":{"line":104,"column":9}},"104":{"start":{"line":105,"column":0},"end":{"line":105,"column":49}},"105":{"start":{"line":106,"column":0},"end":{"line":106,"column":17}},"106":{"start":{"line":107,"column":0},"end":{"line":107,"column":17}},"107":{"start":{"line":108,"column":0},"end":{"line":108,"column":91}},"108":{"start":{"line":109,"column":0},"end":{"line":109,"column":13}},"109":{"start":{"line":110,"column":0},"end":{"line":110,"column":49}},"110":{"start":{"line":111,"column":0},"end":{"line":111,"column":9}},"111":{"start":{"line":112,"column":0},"end":{"line":112,"column":7}},"112":{"start":{"line":113,"column":0},"end":{"line":113,"column":1}},"113":{"start":{"line":114,"column":0},"end":{"line":114,"column":39}},"114":{"start":{"line":115,"column":0},"end":{"line":115,"column":71}},"115":{"start":{"line":116,"column":0},"end":{"line":116,"column":28}},"116":{"start":{"line":117,"column":0},"end":{"line":117,"column":75}},"117":{"start":{"line":118,"column":0},"end":{"line":118,"column":29}},"118":{"start":{"line":119,"column":0},"end":{"line":119,"column":12}},"119":{"start":{"line":120,"column":0},"end":{"line":120,"column":59}},"120":{"start":{"line":121,"column":0},"end":{"line":121,"column":60}},"121":{"start":{"line":122,"column":0},"end":{"line":122,"column":36}},"122":{"start":{"line":123,"column":0},"end":{"line":123,"column":43}},"123":{"start":{"line":124,"column":0},"end":{"line":124,"column":45}},"124":{"start":{"line":125,"column":0},"end":{"line":125,"column":24}},"125":{"start":{"line":126,"column":0},"end":{"line":126,"column":21}},"126":{"start":{"line":127,"column":0},"end":{"line":127,"column":32}},"127":{"start":{"line":128,"column":0},"end":{"line":128,"column":13}},"128":{"start":{"line":129,"column":0},"end":{"line":129,"column":162}},"129":{"start":{"line":130,"column":0},"end":{"line":130,"column":38}},"130":{"start":{"line":131,"column":0},"end":{"line":131,"column":27}},"131":{"start":{"line":132,"column":0},"end":{"line":132,"column":41}},"132":{"start":{"line":133,"column":0},"end":{"line":133,"column":34}},"133":{"start":{"line":134,"column":0},"end":{"line":134,"column":30}},"134":{"start":{"line":135,"column":0},"end":{"line":135,"column":66}},"135":{"start":{"line":136,"column":0},"end":{"line":136,"column":90}},"136":{"start":{"line":137,"column":0},"end":{"line":137,"column":31}},"137":{"start":{"line":138,"column":0},"end":{"line":138,"column":21}},"138":{"start":{"line":139,"column":0},"end":{"line":139,"column":62}},"139":{"start":{"line":140,"column":0},"end":{"line":140,"column":52}},"140":{"start":{"line":141,"column":0},"end":{"line":141,"column":44}},"141":{"start":{"line":142,"column":0},"end":{"line":142,"column":21}},"142":{"start":{"line":143,"column":0},"end":{"line":143,"column":33}},"143":{"start":{"line":144,"column":0},"end":{"line":144,"column":40}},"144":{"start":{"line":145,"column":0},"end":{"line":145,"column":51}},"145":{"start":{"line":146,"column":0},"end":{"line":146,"column":30}},"146":{"start":{"line":147,"column":0},"end":{"line":147,"column":52}},"147":{"start":{"line":148,"column":0},"end":{"line":148,"column":65}},"148":{"start":{"line":149,"column":0},"end":{"line":149,"column":50}},"149":{"start":{"line":150,"column":0},"end":{"line":150,"column":41}},"150":{"start":{"line":151,"column":0},"end":{"line":151,"column":38}},"151":{"start":{"line":152,"column":0},"end":{"line":152,"column":37}},"152":{"start":{"line":153,"column":0},"end":{"line":153,"column":25}},"153":{"start":{"line":154,"column":0},"end":{"line":154,"column":50}},"154":{"start":{"line":155,"column":0},"end":{"line":155,"column":31}},"155":{"start":{"line":156,"column":0},"end":{"line":156,"column":21}},"156":{"start":{"line":157,"column":0},"end":{"line":157,"column":17}},"157":{"start":{"line":158,"column":0},"end":{"line":158,"column":80}},"158":{"start":{"line":159,"column":0},"end":{"line":159,"column":13}},"159":{"start":{"line":160,"column":0},"end":{"line":160,"column":9}},"160":{"start":{"line":161,"column":0},"end":{"line":161,"column":49}},"161":{"start":{"line":162,"column":0},"end":{"line":162,"column":17}},"162":{"start":{"line":163,"column":0},"end":{"line":163,"column":17}},"163":{"start":{"line":164,"column":0},"end":{"line":164,"column":91}},"164":{"start":{"line":165,"column":0},"end":{"line":165,"column":13}},"165":{"start":{"line":166,"column":0},"end":{"line":166,"column":49}},"166":{"start":{"line":167,"column":0},"end":{"line":167,"column":9}},"167":{"start":{"line":168,"column":0},"end":{"line":168,"column":7}},"168":{"start":{"line":169,"column":0},"end":{"line":169,"column":1}},"169":{"start":{"line":170,"column":0},"end":{"line":170,"column":33}},"170":{"start":{"line":171,"column":0},"end":{"line":171,"column":57}},"171":{"start":{"line":172,"column":0},"end":{"line":172,"column":13}},"172":{"start":{"line":173,"column":0},"end":{"line":173,"column":65}},"173":{"start":{"line":174,"column":0},"end":{"line":174,"column":32}},"174":{"start":{"line":175,"column":0},"end":{"line":175,"column":68}},"175":{"start":{"line":176,"column":0},"end":{"line":176,"column":58}},"176":{"start":{"line":177,"column":0},"end":{"line":177,"column":33}},"177":{"start":{"line":178,"column":0},"end":{"line":178,"column":15}},"178":{"start":{"line":179,"column":0},"end":{"line":179,"column":132}},"179":{"start":{"line":180,"column":0},"end":{"line":180,"column":78}},"180":{"start":{"line":181,"column":0},"end":{"line":181,"column":126}},"181":{"start":{"line":182,"column":0},"end":{"line":182,"column":9}},"182":{"start":{"line":183,"column":0},"end":{"line":183,"column":21}},"183":{"start":{"line":184,"column":0},"end":{"line":184,"column":39}},"184":{"start":{"line":185,"column":0},"end":{"line":185,"column":9}},"185":{"start":{"line":186,"column":0},"end":{"line":186,"column":7}},"186":{"start":{"line":187,"column":0},"end":{"line":187,"column":1}},"187":{"start":{"line":188,"column":0},"end":{"line":188,"column":31}}},"s":{"0":1,"1":1,"2":3,"3":3,"4":3,"5":3,"6":3,"7":3,"8":3,"9":3,"10":1,"11":3,"12":3,"13":3,"14":3,"15":3,"16":3,"17":1,"18":1,"19":3,"20":3,"21":3,"22":3,"23":3,"24":3,"25":3,"26":3,"27":3,"28":3,"29":1,"30":2,"31":2,"32":1,"33":1,"34":1,"35":1,"36":1,"37":1,"38":1,"39":1,"40":1,"41":1,"42":1,"43":1,"44":1,"45":1,"46":1,"47":1,"48":1,"49":1,"50":1,"51":1,"52":1,"53":1,"54":1,"55":152,"56":1,"57":0,"58":0,"59":0,"60":0,"61":1,"62":1,"63":152,"64":152,"65":152,"66":152,"67":152,"68":58,"69":58,"70":5,"71":5,"72":5,"73":5,"74":58,"75":152,"76":1,"77":1,"78":1,"79":1,"80":1,"81":1,"82":1,"83":1,"84":1,"85":1,"86":1,"87":1,"88":1,"89":1,"90":1,"91":1,"92":1,"93":1,"94":1,"95":1,"96":6,"97":6,"98":6,"99":6,"100":6,"101":6,"102":6,"103":1,"104":1,"105":1,"106":1,"107":1,"108":1,"109":1,"110":1,"111":1,"112":1,"113":1,"114":1,"115":1,"116":1,"117":1,"118":1,"119":1,"120":1,"121":1,"122":1,"123":1,"124":1,"125":1,"126":1,"127":1,"128":1,"129":6,"130":6,"131":6,"132":6,"133":6,"134":33,"135":58,"136":58,"137":58,"138":33,"139":27,"140":27,"141":27,"142":33,"143":33,"144":33,"145":33,"146":33,"147":153,"148":153,"149":95,"150":95,"151":68,"152":68,"153":58,"154":58,"155":58,"156":33,"157":6,"158":6,"159":1,"160":1,"161":1,"162":1,"163":1,"164":1,"165":1,"166":1,"167":1,"168":1,"169":3,"170":3,"171":3,"172":3,"173":3,"174":2,"175":1,"176":1,"177":1,"178":1,"179":1,"180":1,"181":1,"182":3,"183":2,"184":2,"185":3,"186":3,"187":1},"branchMap":{"0":{"type":"branch","line":2,"loc":{"start":{"line":2,"column":44},"end":{"line":10,"column":2}},"locations":[{"start":{"line":2,"column":44},"end":{"line":10,"column":2}}]},"1":{"type":"branch","line":3,"loc":{"start":{"line":3,"column":4},"end":{"line":3,"column":112}},"locations":[{"start":{"line":3,"column":4},"end":{"line":3,"column":112}}]},"2":{"type":"branch","line":3,"loc":{"start":{"line":3,"column":53},"end":{"line":3,"column":61}},"locations":[{"start":{"line":3,"column":53},"end":{"line":3,"column":61}}]},"3":{"type":"branch","line":3,"loc":{"start":{"line":3,"column":70},"end":{"line":3,"column":108}},"locations":[{"start":{"line":3,"column":70},"end":{"line":3,"column":108}}]},"4":{"type":"branch","line":4,"loc":{"start":{"line":4,"column":36},"end":{"line":9,"column":5}},"locations":[{"start":{"line":4,"column":36},"end":{"line":9,"column":5}}]},"5":{"type":"branch","line":5,"loc":{"start":{"line":5,"column":8},"end":{"line":5,"column":99}},"locations":[{"start":{"line":5,"column":8},"end":{"line":5,"column":99}}]},"6":{"type":"branch","line":5,"loc":{"start":{"line":5,"column":73},"end":{"line":5,"column":98}},"locations":[{"start":{"line":5,"column":73},"end":{"line":5,"column":98}}]},"7":{"type":"branch","line":6,"loc":{"start":{"line":6,"column":8},"end":{"line":6,"column":102}},"locations":[{"start":{"line":6,"column":8},"end":{"line":6,"column":102}}]},"8":{"type":"branch","line":6,"loc":{"start":{"line":6,"column":76},"end":{"line":6,"column":101}},"locations":[{"start":{"line":6,"column":76},"end":{"line":6,"column":101}}]},"9":{"type":"branch","line":7,"loc":{"start":{"line":7,"column":8},"end":{"line":7,"column":118}},"locations":[{"start":{"line":7,"column":8},"end":{"line":7,"column":118}}]},"10":{"type":"branch","line":7,"loc":{"start":{"line":7,"column":43},"end":{"line":7,"column":67}},"locations":[{"start":{"line":7,"column":43},"end":{"line":7,"column":67}}]},"11":{"type":"branch","line":7,"loc":{"start":{"line":7,"column":67},"end":{"line":7,"column":115}},"locations":[{"start":{"line":7,"column":67},"end":{"line":7,"column":115}}]},"12":{"type":"branch","line":11,"loc":{"start":{"line":11,"column":52},"end":{"line":17,"column":2}},"locations":[{"start":{"line":11,"column":52},"end":{"line":17,"column":2}}]},"13":{"type":"branch","line":12,"loc":{"start":{"line":12,"column":31},"end":{"line":12,"column":91}},"locations":[{"start":{"line":12,"column":31},"end":{"line":12,"column":91}}]},"14":{"type":"branch","line":14,"loc":{"start":{"line":14,"column":24},"end":{"line":14,"column":212}},"locations":[{"start":{"line":14,"column":24},"end":{"line":14,"column":212}}]},"15":{"type":"branch","line":18,"loc":{"start":{"line":18,"column":40},"end":{"line":18,"column":126}},"locations":[{"start":{"line":18,"column":40},"end":{"line":18,"column":126}}]},"16":{"type":"branch","line":18,"loc":{"start":{"line":18,"column":85},"end":{"line":18,"column":109}},"locations":[{"start":{"line":18,"column":85},"end":{"line":18,"column":109}}]},"17":{"type":"branch","line":18,"loc":{"start":{"line":18,"column":105},"end":{"line":18,"column":123}},"locations":[{"start":{"line":18,"column":105},"end":{"line":18,"column":123}}]},"18":{"type":"branch","line":19,"loc":{"start":{"line":19,"column":58},"end":{"line":29,"column":2}},"locations":[{"start":{"line":19,"column":58},"end":{"line":29,"column":2}}]},"19":{"type":"branch","line":20,"loc":{"start":{"line":20,"column":31},"end":{"line":20,"column":91}},"locations":[{"start":{"line":20,"column":31},"end":{"line":20,"column":91}}]},"20":{"type":"branch","line":21,"loc":{"start":{"line":21,"column":47},"end":{"line":21,"column":53}},"locations":[{"start":{"line":21,"column":47},"end":{"line":21,"column":53}}]},"21":{"type":"branch","line":22,"loc":{"start":{"line":22,"column":90},"end":{"line":22,"column":118}},"locations":[{"start":{"line":22,"column":90},"end":{"line":22,"column":118}}]},"22":{"type":"branch","line":23,"loc":{"start":{"line":23,"column":4},"end":{"line":23,"column":142}},"locations":[{"start":{"line":23,"column":4},"end":{"line":23,"column":142}}]},"23":{"type":"branch","line":23,"loc":{"start":{"line":23,"column":40},"end":{"line":23,"column":139}},"locations":[{"start":{"line":23,"column":40},"end":{"line":23,"column":139}}]},"24":{"type":"branch","line":23,"loc":{"start":{"line":23,"column":74},"end":{"line":23,"column":135}},"locations":[{"start":{"line":23,"column":74},"end":{"line":23,"column":135}}]},"25":{"type":"branch","line":24,"loc":{"start":{"line":24,"column":4},"end":{"line":24,"column":86}},"locations":[{"start":{"line":24,"column":4},"end":{"line":24,"column":86}}]},"26":{"type":"branch","line":24,"loc":{"start":{"line":24,"column":51},"end":{"line":24,"column":85}},"locations":[{"start":{"line":24,"column":51},"end":{"line":24,"column":85}}]},"27":{"type":"branch","line":25,"loc":{"start":{"line":25,"column":4},"end":{"line":25,"column":124}},"locations":[{"start":{"line":25,"column":4},"end":{"line":25,"column":124}}]},"28":{"type":"branch","line":25,"loc":{"start":{"line":25,"column":49},"end":{"line":25,"column":100}},"locations":[{"start":{"line":25,"column":49},"end":{"line":25,"column":100}}]},"29":{"type":"branch","line":25,"loc":{"start":{"line":25,"column":100},"end":{"line":25,"column":121}},"locations":[{"start":{"line":25,"column":100},"end":{"line":25,"column":121}}]},"30":{"type":"branch","line":26,"loc":{"start":{"line":26,"column":4},"end":{"line":26,"column":54}},"locations":[{"start":{"line":26,"column":4},"end":{"line":26,"column":54}}]},"31":{"type":"branch","line":28,"loc":{"start":{"line":28,"column":4},"end":{"line":28,"column":86}},"locations":[{"start":{"line":28,"column":4},"end":{"line":28,"column":86}}]},"32":{"type":"branch","line":28,"loc":{"start":{"line":28,"column":59},"end":{"line":28,"column":85}},"locations":[{"start":{"line":28,"column":59},"end":{"line":28,"column":85}}]},"33":{"type":"branch","line":30,"loc":{"start":{"line":30,"column":56},"end":{"line":32,"column":2}},"locations":[{"start":{"line":30,"column":56},"end":{"line":32,"column":2}}]},"34":{"type":"branch","line":31,"loc":{"start":{"line":31,"column":33},"end":{"line":31,"column":40}},"locations":[{"start":{"line":31,"column":33},"end":{"line":31,"column":40}}]},"35":{"type":"branch","line":31,"loc":{"start":{"line":31,"column":40},"end":{"line":31,"column":61}},"locations":[{"start":{"line":31,"column":40},"end":{"line":31,"column":61}}]},"36":{"type":"branch","line":40,"loc":{"start":{"line":40,"column":0},"end":{"line":91,"column":1}},"locations":[{"start":{"line":40,"column":0},"end":{"line":91,"column":1}}]},"37":{"type":"branch","line":41,"loc":{"start":{"line":41,"column":45},"end":{"line":90,"column":5}},"locations":[{"start":{"line":41,"column":45},"end":{"line":90,"column":5}}]},"38":{"type":"branch","line":50,"loc":{"start":{"line":50,"column":131},"end":{"line":50,"column":173}},"locations":[{"start":{"line":50,"column":131},"end":{"line":50,"column":173}}]},"39":{"type":"branch","line":55,"loc":{"start":{"line":55,"column":69},"end":{"line":76,"column":17}},"locations":[{"start":{"line":55,"column":69},"end":{"line":76,"column":17}}]},"40":{"type":"branch","line":56,"loc":{"start":{"line":56,"column":36},"end":{"line":63,"column":21}},"locations":[{"start":{"line":56,"column":36},"end":{"line":63,"column":21}}]},"41":{"type":"branch","line":57,"loc":{"start":{"line":57,"column":66},"end":{"line":61,"column":25}},"locations":[{"start":{"line":57,"column":66},"end":{"line":61,"column":25}}]},"42":{"type":"branch","line":65,"loc":{"start":{"line":65,"column":56},"end":{"line":66,"column":71}},"locations":[{"start":{"line":65,"column":56},"end":{"line":66,"column":71}}]},"43":{"type":"branch","line":68,"loc":{"start":{"line":68,"column":40},"end":{"line":75,"column":21}},"locations":[{"start":{"line":68,"column":40},"end":{"line":75,"column":21}}]},"44":{"type":"branch","line":70,"loc":{"start":{"line":70,"column":45},"end":{"line":74,"column":25}},"locations":[{"start":{"line":70,"column":45},"end":{"line":74,"column":25}}]},"45":{"type":"branch","line":79,"loc":{"start":{"line":79,"column":65},"end":{"line":79,"column":78}},"locations":[{"start":{"line":79,"column":65},"end":{"line":79,"column":78}}]},"46":{"type":"branch","line":83,"loc":{"start":{"line":83,"column":8},"end":{"line":83,"column":49}},"locations":[{"start":{"line":83,"column":8},"end":{"line":83,"column":49}}]},"47":{"type":"branch","line":86,"loc":{"start":{"line":86,"column":23},"end":{"line":86,"column":30}},"locations":[{"start":{"line":86,"column":23},"end":{"line":86,"column":30}}]},"48":{"type":"branch","line":86,"loc":{"start":{"line":86,"column":30},"end":{"line":86,"column":58}},"locations":[{"start":{"line":86,"column":30},"end":{"line":86,"column":58}}]},"49":{"type":"branch","line":86,"loc":{"start":{"line":86,"column":60},"end":{"line":86,"column":95}},"locations":[{"start":{"line":86,"column":60},"end":{"line":86,"column":95}}]},"50":{"type":"branch","line":88,"loc":{"start":{"line":88,"column":31},"end":{"line":88,"column":48}},"locations":[{"start":{"line":88,"column":31},"end":{"line":88,"column":48}}]},"51":{"type":"branch","line":92,"loc":{"start":{"line":92,"column":0},"end":{"line":113,"column":1}},"locations":[{"start":{"line":92,"column":0},"end":{"line":113,"column":1}}]},"52":{"type":"branch","line":93,"loc":{"start":{"line":93,"column":45},"end":{"line":112,"column":5}},"locations":[{"start":{"line":93,"column":45},"end":{"line":112,"column":5}}]},"53":{"type":"branch","line":96,"loc":{"start":{"line":96,"column":121},"end":{"line":96,"column":161}},"locations":[{"start":{"line":96,"column":121},"end":{"line":96,"column":161}}]},"54":{"type":"branch","line":96,"loc":{"start":{"line":96,"column":161},"end":{"line":103,"column":13}},"locations":[{"start":{"line":96,"column":161},"end":{"line":103,"column":13}}]},"55":{"type":"branch","line":105,"loc":{"start":{"line":105,"column":8},"end":{"line":105,"column":49}},"locations":[{"start":{"line":105,"column":8},"end":{"line":105,"column":49}}]},"56":{"type":"branch","line":108,"loc":{"start":{"line":108,"column":23},"end":{"line":108,"column":30}},"locations":[{"start":{"line":108,"column":23},"end":{"line":108,"column":30}}]},"57":{"type":"branch","line":108,"loc":{"start":{"line":108,"column":30},"end":{"line":108,"column":56}},"locations":[{"start":{"line":108,"column":30},"end":{"line":108,"column":56}}]},"58":{"type":"branch","line":108,"loc":{"start":{"line":108,"column":58},"end":{"line":108,"column":91}},"locations":[{"start":{"line":108,"column":58},"end":{"line":108,"column":91}}]},"59":{"type":"branch","line":110,"loc":{"start":{"line":110,"column":31},"end":{"line":110,"column":48}},"locations":[{"start":{"line":110,"column":31},"end":{"line":110,"column":48}}]},"60":{"type":"branch","line":114,"loc":{"start":{"line":114,"column":0},"end":{"line":169,"column":1}},"locations":[{"start":{"line":114,"column":0},"end":{"line":169,"column":1}}]},"61":{"type":"branch","line":115,"loc":{"start":{"line":115,"column":45},"end":{"line":168,"column":5}},"locations":[{"start":{"line":115,"column":45},"end":{"line":168,"column":5}}]},"62":{"type":"branch","line":129,"loc":{"start":{"line":129,"column":121},"end":{"line":129,"column":161}},"locations":[{"start":{"line":129,"column":121},"end":{"line":129,"column":161}}]},"63":{"type":"branch","line":129,"loc":{"start":{"line":129,"column":161},"end":{"line":159,"column":13}},"locations":[{"start":{"line":129,"column":161},"end":{"line":159,"column":13}}]},"64":{"type":"branch","line":134,"loc":{"start":{"line":134,"column":29},"end":{"line":157,"column":17}},"locations":[{"start":{"line":134,"column":29},"end":{"line":157,"column":17}}]},"65":{"type":"branch","line":135,"loc":{"start":{"line":135,"column":35},"end":{"line":135,"column":63}},"locations":[{"start":{"line":135,"column":35},"end":{"line":135,"column":63}}]},"66":{"type":"branch","line":135,"loc":{"start":{"line":135,"column":65},"end":{"line":138,"column":21}},"locations":[{"start":{"line":135,"column":65},"end":{"line":138,"column":21}}]},"67":{"type":"branch","line":136,"loc":{"start":{"line":136,"column":57},"end":{"line":136,"column":64}},"locations":[{"start":{"line":136,"column":57},"end":{"line":136,"column":64}}]},"68":{"type":"branch","line":139,"loc":{"start":{"line":139,"column":34},"end":{"line":139,"column":59}},"locations":[{"start":{"line":139,"column":34},"end":{"line":139,"column":59}}]},"69":{"type":"branch","line":139,"loc":{"start":{"line":139,"column":61},"end":{"line":142,"column":21}},"locations":[{"start":{"line":139,"column":61},"end":{"line":142,"column":21}}]},"70":{"type":"branch","line":144,"loc":{"start":{"line":144,"column":24},"end":{"line":144,"column":40}},"locations":[{"start":{"line":144,"column":24},"end":{"line":144,"column":40}}]},"71":{"type":"branch","line":146,"loc":{"start":{"line":146,"column":24},"end":{"line":146,"column":30}},"locations":[{"start":{"line":146,"column":24},"end":{"line":146,"column":30}}]},"72":{"type":"branch","line":146,"loc":{"start":{"line":146,"column":24},"end":{"line":147,"column":51}},"locations":[{"start":{"line":146,"column":24},"end":{"line":147,"column":51}}]},"73":{"type":"branch","line":147,"loc":{"start":{"line":147,"column":51},"end":{"line":156,"column":21}},"locations":[{"start":{"line":147,"column":51},"end":{"line":156,"column":21}}]},"74":{"type":"branch","line":149,"loc":{"start":{"line":149,"column":49},"end":{"line":153,"column":25}},"locations":[{"start":{"line":149,"column":49},"end":{"line":153,"column":25}}]},"75":{"type":"branch","line":151,"loc":{"start":{"line":151,"column":32},"end":{"line":151,"column":38}},"locations":[{"start":{"line":151,"column":32},"end":{"line":151,"column":38}}]},"76":{"type":"branch","line":151,"loc":{"start":{"line":151,"column":32},"end":{"line":153,"column":25}},"locations":[{"start":{"line":151,"column":32},"end":{"line":153,"column":25}}]},"77":{"type":"branch","line":153,"loc":{"start":{"line":153,"column":24},"end":{"line":156,"column":21}},"locations":[{"start":{"line":153,"column":24},"end":{"line":156,"column":21}}]},"78":{"type":"branch","line":158,"loc":{"start":{"line":158,"column":66},"end":{"line":158,"column":72}},"locations":[{"start":{"line":158,"column":66},"end":{"line":158,"column":72}}]},"79":{"type":"branch","line":158,"loc":{"start":{"line":158,"column":72},"end":{"line":158,"column":77}},"locations":[{"start":{"line":158,"column":72},"end":{"line":158,"column":77}}]},"80":{"type":"branch","line":161,"loc":{"start":{"line":161,"column":8},"end":{"line":161,"column":49}},"locations":[{"start":{"line":161,"column":8},"end":{"line":161,"column":49}}]},"81":{"type":"branch","line":164,"loc":{"start":{"line":164,"column":23},"end":{"line":164,"column":30}},"locations":[{"start":{"line":164,"column":23},"end":{"line":164,"column":30}}]},"82":{"type":"branch","line":164,"loc":{"start":{"line":164,"column":30},"end":{"line":164,"column":56}},"locations":[{"start":{"line":164,"column":30},"end":{"line":164,"column":56}}]},"83":{"type":"branch","line":164,"loc":{"start":{"line":164,"column":58},"end":{"line":164,"column":91}},"locations":[{"start":{"line":164,"column":58},"end":{"line":164,"column":91}}]},"84":{"type":"branch","line":166,"loc":{"start":{"line":166,"column":31},"end":{"line":166,"column":48}},"locations":[{"start":{"line":166,"column":31},"end":{"line":166,"column":48}}]},"85":{"type":"branch","line":170,"loc":{"start":{"line":170,"column":0},"end":{"line":187,"column":1}},"locations":[{"start":{"line":170,"column":0},"end":{"line":187,"column":1}}]},"86":{"type":"branch","line":171,"loc":{"start":{"line":171,"column":43},"end":{"line":186,"column":5}},"locations":[{"start":{"line":171,"column":43},"end":{"line":186,"column":5}}]},"87":{"type":"branch","line":174,"loc":{"start":{"line":174,"column":16},"end":{"line":174,"column":32}},"locations":[{"start":{"line":174,"column":16},"end":{"line":174,"column":32}}]},"88":{"type":"branch","line":174,"loc":{"start":{"line":174,"column":31},"end":{"line":175,"column":68}},"locations":[{"start":{"line":174,"column":31},"end":{"line":175,"column":68}}]},"89":{"type":"branch","line":175,"loc":{"start":{"line":175,"column":67},"end":{"line":182,"column":9}},"locations":[{"start":{"line":175,"column":67},"end":{"line":182,"column":9}}]},"90":{"type":"branch","line":183,"loc":{"start":{"line":183,"column":8},"end":{"line":185,"column":9}},"locations":[{"start":{"line":183,"column":8},"end":{"line":185,"column":9}}]}},"b":{"0":[3],"1":[3],"2":[0],"3":[3],"4":[3],"5":[2],"6":[0],"7":[1],"8":[0],"9":[6],"10":[3],"11":[3],"12":[3],"13":[0],"14":[0],"15":[84],"16":[42],"17":[42],"18":[3],"19":[0],"20":[0],"21":[3],"22":[9],"23":[21],"24":[21],"25":[63],"26":[0],"27":[63],"28":[42],"29":[21],"30":[42],"31":[21],"32":[0],"33":[2],"34":[1],"35":[1],"36":[1],"37":[1],"38":[2],"39":[152],"40":[1],"41":[0],"42":[58],"43":[58],"44":[5],"45":[0],"46":[0],"47":[0],"48":[0],"49":[0],"50":[0],"51":[1],"52":[1],"53":[7],"54":[6],"55":[0],"56":[0],"57":[0],"58":[0],"59":[0],"60":[1],"61":[1],"62":[7],"63":[6],"64":[33],"65":[61],"66":[58],"67":[31],"68":[30],"69":[27],"70":[3],"71":[6],"72":[27],"73":[153],"74":[95],"75":[27],"76":[68],"77":[58],"78":[3],"79":[3],"80":[0],"81":[0],"82":[0],"83":[0],"84":[0],"85":[3],"86":[3],"87":[1],"88":[2],"89":[1],"90":[2]},"fnMap":{"0":{"name":"Object.<anonymous>.__awaiter","decl":{"start":{"line":2,"column":44},"end":{"line":10,"column":2}},"loc":{"start":{"line":2,"column":44},"end":{"line":10,"column":2}},"line":2},"1":{"name":"adopt","decl":{"start":{"line":3,"column":4},"end":{"line":3,"column":112}},"loc":{"start":{"line":3,"column":4},"end":{"line":3,"column":112}},"line":3},"2":{"name":"fulfilled","decl":{"start":{"line":5,"column":8},"end":{"line":5,"column":99}},"loc":{"start":{"line":5,"column":8},"end":{"line":5,"column":99}},"line":5},"3":{"name":"rejected","decl":{"start":{"line":6,"column":8},"end":{"line":6,"column":102}},"loc":{"start":{"line":6,"column":8},"end":{"line":6,"column":102}},"line":6},"4":{"name":"step","decl":{"start":{"line":7,"column":8},"end":{"line":7,"column":118}},"loc":{"start":{"line":7,"column":8},"end":{"line":7,"column":118}},"line":7},"5":{"name":"Object.<anonymous>.__asyncValues","decl":{"start":{"line":11,"column":52},"end":{"line":17,"column":2}},"loc":{"start":{"line":11,"column":52},"end":{"line":17,"column":2}},"line":11},"6":{"name":"i.<computed>","decl":{"start":{"line":14,"column":180},"end":{"line":14,"column":208}},"loc":{"start":{"line":14,"column":180},"end":{"line":14,"column":208}},"line":14},"7":{"name":"verb","decl":{"start":{"line":15,"column":4},"end":{"line":15,"column":164}},"loc":{"start":{"line":15,"column":4},"end":{"line":15,"column":164}},"line":15},"8":{"name":"settle","decl":{"start":{"line":16,"column":4},"end":{"line":16,"column":128}},"loc":{"start":{"line":16,"column":4},"end":{"line":16,"column":128}},"line":16},"9":{"name":"Object.<anonymous>.__await","decl":{"start":{"line":18,"column":40},"end":{"line":18,"column":126}},"loc":{"start":{"line":18,"column":40},"end":{"line":18,"column":126}},"line":18},"10":{"name":"Object.<anonymous>.__asyncGenerator","decl":{"start":{"line":19,"column":58},"end":{"line":29,"column":2}},"loc":{"start":{"line":19,"column":58},"end":{"line":29,"column":2}},"line":19},"11":{"name":"i.<computed>","decl":{"start":{"line":22,"column":90},"end":{"line":22,"column":118}},"loc":{"start":{"line":22,"column":90},"end":{"line":22,"column":118}},"line":22},"12":{"name":"verb","decl":{"start":{"line":23,"column":4},"end":{"line":23,"column":142}},"loc":{"start":{"line":23,"column":4},"end":{"line":23,"column":142}},"line":23},"13":{"name":"i.<computed>","decl":{"start":{"line":23,"column":40},"end":{"line":23,"column":139}},"loc":{"start":{"line":23,"column":40},"end":{"line":23,"column":139}},"line":23},"14":{"name":"resume","decl":{"start":{"line":24,"column":4},"end":{"line":24,"column":86}},"loc":{"start":{"line":24,"column":4},"end":{"line":24,"column":86}},"line":24},"15":{"name":"step","decl":{"start":{"line":25,"column":4},"end":{"line":25,"column":124}},"loc":{"start":{"line":25,"column":4},"end":{"line":25,"column":124}},"line":25},"16":{"name":"fulfill","decl":{"start":{"line":26,"column":4},"end":{"line":26,"column":54}},"loc":{"start":{"line":26,"column":4},"end":{"line":26,"column":54}},"line":26},"17":{"name":"reject","decl":{"start":{"line":27,"column":4},"end":{"line":27,"column":54}},"loc":{"start":{"line":27,"column":4},"end":{"line":27,"column":54}},"line":27},"18":{"name":"settle","decl":{"start":{"line":28,"column":4},"end":{"line":28,"column":86}},"loc":{"start":{"line":28,"column":4},"end":{"line":28,"column":86}},"line":28},"19":{"name":"Object.<anonymous>.__importDefault","decl":{"start":{"line":30,"column":56},"end":{"line":32,"column":2}},"loc":{"start":{"line":30,"column":56},"end":{"line":32,"column":2}},"line":30},"20":{"name":"getMultiLines","decl":{"start":{"line":40,"column":0},"end":{"line":91,"column":1}},"loc":{"start":{"line":40,"column":0},"end":{"line":91,"column":1}},"line":40},"21":{"name":"getMultiLines_1","decl":{"start":{"line":41,"column":45},"end":{"line":90,"column":5}},"loc":{"start":{"line":41,"column":45},"end":{"line":90,"column":5}},"line":41},"22":{"name":"transform","decl":{"start":{"line":92,"column":0},"end":{"line":113,"column":1}},"loc":{"start":{"line":92,"column":0},"end":{"line":113,"column":1}},"line":92},"23":{"name":"transform_1","decl":{"start":{"line":93,"column":45},"end":{"line":112,"column":5}},"loc":{"start":{"line":93,"column":45},"end":{"line":112,"column":5}},"line":93},"24":{"name":"transform2","decl":{"start":{"line":114,"column":0},"end":{"line":169,"column":1}},"loc":{"start":{"line":114,"column":0},"end":{"line":169,"column":1}},"line":114},"25":{"name":"transform2_1","decl":{"start":{"line":115,"column":45},"end":{"line":168,"column":5}},"loc":{"start":{"line":115,"column":45},"end":{"line":168,"column":5}},"line":115},"26":{"name":"translateAll","decl":{"start":{"line":170,"column":0},"end":{"line":187,"column":1}},"loc":{"start":{"line":170,"column":0},"end":{"line":187,"column":1}},"line":170}},"f":{"0":3,"1":3,"2":2,"3":1,"4":6,"5":3,"6":0,"7":0,"8":0,"9":84,"10":3,"11":3,"12":9,"13":21,"14":63,"15":63,"16":42,"17":0,"18":21,"19":2,"20":1,"21":1,"22":1,"23":1,"24":1,"25":1,"26":3}}
}
