{"C:\\project\\MonoCraft\\dist\\actions\\fetchTranslated.js": {"path":"C:\\project\\MonoCraft\\dist\\actions\\fetchTranslated.js","all":false,"statementMap":{"0":{"start":{"line":1,"column":0},"end":{"line":1,"column":13}},"1":{"start":{"line":2,"column":0},"end":{"line":2,"column":90}},"2":{"start":{"line":3,"column":0},"end":{"line":3,"column":112}},"3":{"start":{"line":4,"column":0},"end":{"line":4,"column":64}},"4":{"start":{"line":5,"column":0},"end":{"line":5,"column":99}},"5":{"start":{"line":6,"column":0},"end":{"line":6,"column":102}},"6":{"start":{"line":7,"column":0},"end":{"line":7,"column":118}},"7":{"start":{"line":8,"column":0},"end":{"line":8,"column":78}},"8":{"start":{"line":9,"column":0},"end":{"line":9,"column":7}},"9":{"start":{"line":10,"column":0},"end":{"line":10,"column":2}},"10":{"start":{"line":11,"column":0},"end":{"line":11,"column":72}},"11":{"start":{"line":12,"column":0},"end":{"line":12,"column":62}},"12":{"start":{"line":13,"column":0},"end":{"line":13,"column":2}},"13":{"start":{"line":14,"column":0},"end":{"line":14,"column":62}},"14":{"start":{"line":15,"column":0},"end":{"line":15,"column":22}},"15":{"start":{"line":16,"column":0},"end":{"line":16,"column":50}},"16":{"start":{"line":17,"column":0},"end":{"line":17,"column":9}},"17":{"start":{"line":18,"column":0},"end":{"line":18,"column":18}},"18":{"start":{"line":19,"column":0},"end":{"line":19,"column":22}},"19":{"start":{"line":20,"column":0},"end":{"line":20,"column":27}},"20":{"start":{"line":21,"column":0},"end":{"line":21,"column":39}},"21":{"start":{"line":22,"column":0},"end":{"line":22,"column":40}},"22":{"start":{"line":23,"column":0},"end":{"line":23,"column":57}},"23":{"start":{"line":24,"column":0},"end":{"line":24,"column":25}},"24":{"start":{"line":25,"column":0},"end":{"line":25,"column":27}},"25":{"start":{"line":26,"column":0},"end":{"line":26,"column":78}},"26":{"start":{"line":27,"column":0},"end":{"line":27,"column":21}},"27":{"start":{"line":28,"column":0},"end":{"line":28,"column":37}},"28":{"start":{"line":29,"column":0},"end":{"line":29,"column":32}},"29":{"start":{"line":30,"column":0},"end":{"line":30,"column":34}},"30":{"start":{"line":31,"column":0},"end":{"line":31,"column":44}},"31":{"start":{"line":32,"column":0},"end":{"line":32,"column":14}},"32":{"start":{"line":33,"column":0},"end":{"line":33,"column":22}},"33":{"start":{"line":34,"column":0},"end":{"line":34,"column":51}},"34":{"start":{"line":35,"column":0},"end":{"line":35,"column":87}},"35":{"start":{"line":36,"column":0},"end":{"line":36,"column":78}},"36":{"start":{"line":37,"column":0},"end":{"line":37,"column":14}},"37":{"start":{"line":38,"column":0},"end":{"line":38,"column":19}},"38":{"start":{"line":39,"column":0},"end":{"line":39,"column":17}},"39":{"start":{"line":40,"column":0},"end":{"line":40,"column":25}},"40":{"start":{"line":41,"column":0},"end":{"line":41,"column":18}},"41":{"start":{"line":42,"column":0},"end":{"line":42,"column":14}},"42":{"start":{"line":43,"column":0},"end":{"line":43,"column":10}},"43":{"start":{"line":44,"column":0},"end":{"line":44,"column":13}},"44":{"start":{"line":45,"column":0},"end":{"line":45,"column":64}},"45":{"start":{"line":46,"column":0},"end":{"line":46,"column":53}},"46":{"start":{"line":47,"column":0},"end":{"line":47,"column":9}},"47":{"start":{"line":48,"column":0},"end":{"line":48,"column":21}},"48":{"start":{"line":49,"column":0},"end":{"line":49,"column":26}},"49":{"start":{"line":50,"column":0},"end":{"line":50,"column":9}},"50":{"start":{"line":51,"column":0},"end":{"line":51,"column":7}},"51":{"start":{"line":52,"column":0},"end":{"line":52,"column":1}},"52":{"start":{"line":53,"column":0},"end":{"line":53,"column":34}}},"s":{"0":1,"1":1,"2":6,"3":6,"4":6,"5":6,"6":6,"7":6,"8":6,"9":6,"10":1,"11":2,"12":2,"13":1,"14":1,"15":1,"16":1,"17":1,"18":2,"19":2,"20":1,"21":6,"22":6,"23":6,"24":6,"25":6,"26":6,"27":6,"28":6,"29":6,"30":6,"31":6,"32":6,"33":6,"34":6,"35":6,"36":6,"37":6,"38":6,"39":6,"40":6,"41":6,"42":6,"43":6,"44":6,"45":6,"46":6,"47":6,"48":0,"49":0,"50":6,"51":6,"52":1},"branchMap":{"0":{"type":"branch","line":2,"loc":{"start":{"line":2,"column":44},"end":{"line":10,"column":2}},"locations":[{"start":{"line":2,"column":44},"end":{"line":10,"column":2}}]},"1":{"type":"branch","line":3,"loc":{"start":{"line":3,"column":4},"end":{"line":3,"column":112}},"locations":[{"start":{"line":3,"column":4},"end":{"line":3,"column":112}}]},"2":{"type":"branch","line":3,"loc":{"start":{"line":3,"column":61},"end":{"line":3,"column":109}},"locations":[{"start":{"line":3,"column":61},"end":{"line":3,"column":109}}]},"3":{"type":"branch","line":4,"loc":{"start":{"line":4,"column":36},"end":{"line":9,"column":5}},"locations":[{"start":{"line":4,"column":36},"end":{"line":9,"column":5}}]},"4":{"type":"branch","line":5,"loc":{"start":{"line":5,"column":8},"end":{"line":5,"column":99}},"locations":[{"start":{"line":5,"column":8},"end":{"line":5,"column":99}}]},"5":{"type":"branch","line":5,"loc":{"start":{"line":5,"column":73},"end":{"line":5,"column":98}},"locations":[{"start":{"line":5,"column":73},"end":{"line":5,"column":98}}]},"6":{"type":"branch","line":7,"loc":{"start":{"line":7,"column":8},"end":{"line":7,"column":118}},"locations":[{"start":{"line":7,"column":8},"end":{"line":7,"column":118}}]},"7":{"type":"branch","line":7,"loc":{"start":{"line":7,"column":43},"end":{"line":7,"column":67}},"locations":[{"start":{"line":7,"column":43},"end":{"line":7,"column":67}}]},"8":{"type":"branch","line":7,"loc":{"start":{"line":7,"column":67},"end":{"line":7,"column":115}},"locations":[{"start":{"line":7,"column":67},"end":{"line":7,"column":115}}]},"9":{"type":"branch","line":11,"loc":{"start":{"line":11,"column":56},"end":{"line":13,"column":2}},"locations":[{"start":{"line":11,"column":56},"end":{"line":13,"column":2}}]},"10":{"type":"branch","line":12,"loc":{"start":{"line":12,"column":33},"end":{"line":12,"column":40}},"locations":[{"start":{"line":12,"column":33},"end":{"line":12,"column":40}}]},"11":{"type":"branch","line":18,"loc":{"start":{"line":18,"column":1},"end":{"line":21,"column":3}},"locations":[{"start":{"line":18,"column":1},"end":{"line":21,"column":3}}]},"12":{"type":"branch","line":22,"loc":{"start":{"line":22,"column":0},"end":{"line":52,"column":1}},"locations":[{"start":{"line":22,"column":0},"end":{"line":52,"column":1}}]},"13":{"type":"branch","line":23,"loc":{"start":{"line":23,"column":43},"end":{"line":51,"column":5}},"locations":[{"start":{"line":23,"column":43},"end":{"line":51,"column":5}}]},"14":{"type":"branch","line":48,"loc":{"start":{"line":48,"column":8},"end":{"line":50,"column":9}},"locations":[{"start":{"line":48,"column":8},"end":{"line":50,"column":9}}]}},"b":{"0":[6],"1":[6],"2":[0],"3":[6],"4":[6],"5":[0],"6":[12],"7":[6],"8":[6],"9":[2],"10":[0],"11":[2],"12":[6],"13":[6],"14":[0]},"fnMap":{"0":{"name":"Object.<anonymous>.__awaiter","decl":{"start":{"line":2,"column":44},"end":{"line":10,"column":2}},"loc":{"start":{"line":2,"column":44},"end":{"line":10,"column":2}},"line":2},"1":{"name":"adopt","decl":{"start":{"line":3,"column":4},"end":{"line":3,"column":112}},"loc":{"start":{"line":3,"column":4},"end":{"line":3,"column":112}},"line":3},"2":{"name":"fulfilled","decl":{"start":{"line":5,"column":8},"end":{"line":5,"column":99}},"loc":{"start":{"line":5,"column":8},"end":{"line":5,"column":99}},"line":5},"3":{"name":"rejected","decl":{"start":{"line":6,"column":8},"end":{"line":6,"column":102}},"loc":{"start":{"line":6,"column":8},"end":{"line":6,"column":102}},"line":6},"4":{"name":"step","decl":{"start":{"line":7,"column":8},"end":{"line":7,"column":118}},"loc":{"start":{"line":7,"column":8},"end":{"line":7,"column":118}},"line":7},"5":{"name":"Object.<anonymous>.__importDefault","decl":{"start":{"line":11,"column":56},"end":{"line":13,"column":2}},"loc":{"start":{"line":11,"column":56},"end":{"line":13,"column":2}},"line":11},"6":{"name":"fetchTranslated","decl":{"start":{"line":22,"column":0},"end":{"line":52,"column":1}},"loc":{"start":{"line":22,"column":0},"end":{"line":52,"column":1}},"line":22}},"f":{"0":6,"1":6,"2":6,"3":0,"4":12,"5":2,"6":6}}
,"C:\\project\\MonoCraft\\dist\\actions\\translateAll.js": {"path":"C:\\project\\MonoCraft\\dist\\actions\\translateAll.js","all":false,"statementMap":{"0":{"start":{"line":1,"column":0},"end":{"line":1,"column":13}},"1":{"start":{"line":2,"column":0},"end":{"line":2,"column":97}},"2":{"start":{"line":3,"column":0},"end":{"line":3,"column":33}},"3":{"start":{"line":4,"column":0},"end":{"line":4,"column":53}},"4":{"start":{"line":5,"column":0},"end":{"line":5,"column":88}},"5":{"start":{"line":6,"column":0},"end":{"line":6,"column":68}},"6":{"start":{"line":7,"column":0},"end":{"line":7,"column":5}},"7":{"start":{"line":8,"column":0},"end":{"line":8,"column":39}},"8":{"start":{"line":9,"column":0},"end":{"line":9,"column":29}},"9":{"start":{"line":10,"column":0},"end":{"line":10,"column":33}},"10":{"start":{"line":11,"column":0},"end":{"line":11,"column":17}},"11":{"start":{"line":12,"column":0},"end":{"line":12,"column":4}},"12":{"start":{"line":13,"column":0},"end":{"line":13,"column":96}},"13":{"start":{"line":14,"column":0},"end":{"line":14,"column":72}},"14":{"start":{"line":15,"column":0},"end":{"line":15,"column":21}},"15":{"start":{"line":16,"column":0},"end":{"line":16,"column":21}},"16":{"start":{"line":17,"column":0},"end":{"line":17,"column":3}},"17":{"start":{"line":18,"column":0},"end":{"line":18,"column":66}},"18":{"start":{"line":19,"column":0},"end":{"line":19,"column":42}},"19":{"start":{"line":20,"column":0},"end":{"line":20,"column":20}},"20":{"start":{"line":21,"column":0},"end":{"line":21,"column":141}},"21":{"start":{"line":22,"column":0},"end":{"line":22,"column":36}},"22":{"start":{"line":23,"column":0},"end":{"line":23,"column":18}},"23":{"start":{"line":24,"column":0},"end":{"line":24,"column":2}},"24":{"start":{"line":25,"column":0},"end":{"line":25,"column":90}},"25":{"start":{"line":26,"column":0},"end":{"line":26,"column":112}},"26":{"start":{"line":27,"column":0},"end":{"line":27,"column":64}},"27":{"start":{"line":28,"column":0},"end":{"line":28,"column":99}},"28":{"start":{"line":29,"column":0},"end":{"line":29,"column":102}},"29":{"start":{"line":30,"column":0},"end":{"line":30,"column":118}},"30":{"start":{"line":31,"column":0},"end":{"line":31,"column":78}},"31":{"start":{"line":32,"column":0},"end":{"line":32,"column":7}},"32":{"start":{"line":33,"column":0},"end":{"line":33,"column":2}},"33":{"start":{"line":34,"column":0},"end":{"line":34,"column":66}},"34":{"start":{"line":35,"column":0},"end":{"line":35,"column":91}},"35":{"start":{"line":36,"column":0},"end":{"line":36,"column":39}},"36":{"start":{"line":37,"column":0},"end":{"line":37,"column":213}},"37":{"start":{"line":38,"column":0},"end":{"line":38,"column":164}},"38":{"start":{"line":39,"column":0},"end":{"line":39,"column":128}},"39":{"start":{"line":40,"column":0},"end":{"line":40,"column":2}},"40":{"start":{"line":41,"column":0},"end":{"line":41,"column":126}},"41":{"start":{"line":42,"column":0},"end":{"line":42,"column":101}},"42":{"start":{"line":43,"column":0},"end":{"line":43,"column":91}},"43":{"start":{"line":44,"column":0},"end":{"line":44,"column":66}},"44":{"start":{"line":45,"column":0},"end":{"line":45,"column":122}},"45":{"start":{"line":46,"column":0},"end":{"line":46,"column":142}},"46":{"start":{"line":47,"column":0},"end":{"line":47,"column":86}},"47":{"start":{"line":48,"column":0},"end":{"line":48,"column":124}},"48":{"start":{"line":49,"column":0},"end":{"line":49,"column":54}},"49":{"start":{"line":50,"column":0},"end":{"line":50,"column":54}},"50":{"start":{"line":51,"column":0},"end":{"line":51,"column":86}},"51":{"start":{"line":52,"column":0},"end":{"line":52,"column":2}},"52":{"start":{"line":53,"column":0},"end":{"line":53,"column":72}},"53":{"start":{"line":54,"column":0},"end":{"line":54,"column":62}},"54":{"start":{"line":55,"column":0},"end":{"line":55,"column":2}},"55":{"start":{"line":56,"column":0},"end":{"line":56,"column":62}},"56":{"start":{"line":57,"column":0},"end":{"line":57,"column":37}},"57":{"start":{"line":58,"column":0},"end":{"line":58,"column":47}},"58":{"start":{"line":59,"column":0},"end":{"line":59,"column":58}},"59":{"start":{"line":60,"column":0},"end":{"line":60,"column":51}},"60":{"start":{"line":61,"column":0},"end":{"line":61,"column":69}},"61":{"start":{"line":62,"column":0},"end":{"line":62,"column":15}},"62":{"start":{"line":63,"column":0},"end":{"line":63,"column":3}},"63":{"start":{"line":64,"column":0},"end":{"line":64,"column":98}},"64":{"start":{"line":65,"column":0},"end":{"line":65,"column":58}},"65":{"start":{"line":66,"column":0},"end":{"line":66,"column":50}},"66":{"start":{"line":67,"column":0},"end":{"line":67,"column":3}},"67":{"start":{"line":68,"column":0},"end":{"line":68,"column":23}},"68":{"start":{"line":69,"column":0},"end":{"line":69,"column":39}},"69":{"start":{"line":70,"column":0},"end":{"line":70,"column":74}},"70":{"start":{"line":71,"column":0},"end":{"line":71,"column":28}},"71":{"start":{"line":72,"column":0},"end":{"line":72,"column":22}},"72":{"start":{"line":73,"column":0},"end":{"line":73,"column":29}},"73":{"start":{"line":74,"column":0},"end":{"line":74,"column":24}},"74":{"start":{"line":75,"column":0},"end":{"line":75,"column":28}},"75":{"start":{"line":76,"column":0},"end":{"line":76,"column":34}},"76":{"start":{"line":77,"column":0},"end":{"line":77,"column":30}},"77":{"start":{"line":78,"column":0},"end":{"line":78,"column":13}},"78":{"start":{"line":79,"column":0},"end":{"line":79,"column":174}},"79":{"start":{"line":80,"column":0},"end":{"line":80,"column":40}},"80":{"start":{"line":81,"column":0},"end":{"line":81,"column":27}},"81":{"start":{"line":82,"column":0},"end":{"line":82,"column":33}},"82":{"start":{"line":83,"column":0},"end":{"line":83,"column":37}},"83":{"start":{"line":84,"column":0},"end":{"line":84,"column":70}},"84":{"start":{"line":85,"column":0},"end":{"line":85,"column":37}},"85":{"start":{"line":86,"column":0},"end":{"line":86,"column":67}},"86":{"start":{"line":87,"column":0},"end":{"line":87,"column":41}},"87":{"start":{"line":88,"column":0},"end":{"line":88,"column":50}},"88":{"start":{"line":89,"column":0},"end":{"line":89,"column":41}},"89":{"start":{"line":90,"column":0},"end":{"line":90,"column":25}},"90":{"start":{"line":91,"column":0},"end":{"line":91,"column":41}},"91":{"start":{"line":92,"column":0},"end":{"line":92,"column":21}},"92":{"start":{"line":93,"column":0},"end":{"line":93,"column":27}},"93":{"start":{"line":94,"column":0},"end":{"line":94,"column":59}},"94":{"start":{"line":95,"column":0},"end":{"line":95,"column":72}},"95":{"start":{"line":96,"column":0},"end":{"line":96,"column":75}},"96":{"start":{"line":97,"column":0},"end":{"line":97,"column":41}},"97":{"start":{"line":98,"column":0},"end":{"line":98,"column":34}},"98":{"start":{"line":99,"column":0},"end":{"line":99,"column":46}},"99":{"start":{"line":100,"column":0},"end":{"line":100,"column":54}},"100":{"start":{"line":101,"column":0},"end":{"line":101,"column":38}},"101":{"start":{"line":102,"column":0},"end":{"line":102,"column":40}},"102":{"start":{"line":103,"column":0},"end":{"line":103,"column":25}},"103":{"start":{"line":104,"column":0},"end":{"line":104,"column":21}},"104":{"start":{"line":105,"column":0},"end":{"line":105,"column":17}},"105":{"start":{"line":106,"column":0},"end":{"line":106,"column":84}},"106":{"start":{"line":107,"column":0},"end":{"line":107,"column":40}},"107":{"start":{"line":108,"column":0},"end":{"line":108,"column":80}},"108":{"start":{"line":109,"column":0},"end":{"line":109,"column":17}},"109":{"start":{"line":110,"column":0},"end":{"line":110,"column":13}},"110":{"start":{"line":111,"column":0},"end":{"line":111,"column":9}},"111":{"start":{"line":112,"column":0},"end":{"line":112,"column":49}},"112":{"start":{"line":113,"column":0},"end":{"line":113,"column":17}},"113":{"start":{"line":114,"column":0},"end":{"line":114,"column":17}},"114":{"start":{"line":115,"column":0},"end":{"line":115,"column":95}},"115":{"start":{"line":116,"column":0},"end":{"line":116,"column":13}},"116":{"start":{"line":117,"column":0},"end":{"line":117,"column":49}},"117":{"start":{"line":118,"column":0},"end":{"line":118,"column":9}},"118":{"start":{"line":119,"column":0},"end":{"line":119,"column":7}},"119":{"start":{"line":120,"column":0},"end":{"line":120,"column":1}},"120":{"start":{"line":121,"column":0},"end":{"line":121,"column":28}},"121":{"start":{"line":122,"column":0},"end":{"line":122,"column":70}},"122":{"start":{"line":123,"column":0},"end":{"line":123,"column":28}},"123":{"start":{"line":124,"column":0},"end":{"line":124,"column":13}},"124":{"start":{"line":125,"column":0},"end":{"line":125,"column":162}},"125":{"start":{"line":126,"column":0},"end":{"line":126,"column":38}},"126":{"start":{"line":127,"column":0},"end":{"line":127,"column":27}},"127":{"start":{"line":128,"column":0},"end":{"line":128,"column":32}},"128":{"start":{"line":129,"column":0},"end":{"line":129,"column":114}},"129":{"start":{"line":130,"column":0},"end":{"line":130,"column":73}},"130":{"start":{"line":131,"column":0},"end":{"line":131,"column":51}},"131":{"start":{"line":132,"column":0},"end":{"line":132,"column":13}},"132":{"start":{"line":133,"column":0},"end":{"line":133,"column":9}},"133":{"start":{"line":134,"column":0},"end":{"line":134,"column":49}},"134":{"start":{"line":135,"column":0},"end":{"line":135,"column":17}},"135":{"start":{"line":136,"column":0},"end":{"line":136,"column":17}},"136":{"start":{"line":137,"column":0},"end":{"line":137,"column":91}},"137":{"start":{"line":138,"column":0},"end":{"line":138,"column":13}},"138":{"start":{"line":139,"column":0},"end":{"line":139,"column":49}},"139":{"start":{"line":140,"column":0},"end":{"line":140,"column":9}},"140":{"start":{"line":141,"column":0},"end":{"line":141,"column":7}},"141":{"start":{"line":142,"column":0},"end":{"line":142,"column":1}},"142":{"start":{"line":143,"column":0},"end":{"line":143,"column":39}},"143":{"start":{"line":144,"column":0},"end":{"line":144,"column":71}},"144":{"start":{"line":145,"column":0},"end":{"line":145,"column":28}},"145":{"start":{"line":146,"column":0},"end":{"line":146,"column":75}},"146":{"start":{"line":147,"column":0},"end":{"line":147,"column":29}},"147":{"start":{"line":148,"column":0},"end":{"line":148,"column":12}},"148":{"start":{"line":149,"column":0},"end":{"line":149,"column":59}},"149":{"start":{"line":150,"column":0},"end":{"line":150,"column":60}},"150":{"start":{"line":151,"column":0},"end":{"line":151,"column":36}},"151":{"start":{"line":152,"column":0},"end":{"line":152,"column":43}},"152":{"start":{"line":153,"column":0},"end":{"line":153,"column":45}},"153":{"start":{"line":154,"column":0},"end":{"line":154,"column":24}},"154":{"start":{"line":155,"column":0},"end":{"line":155,"column":21}},"155":{"start":{"line":156,"column":0},"end":{"line":156,"column":32}},"156":{"start":{"line":157,"column":0},"end":{"line":157,"column":13}},"157":{"start":{"line":158,"column":0},"end":{"line":158,"column":162}},"158":{"start":{"line":159,"column":0},"end":{"line":159,"column":38}},"159":{"start":{"line":160,"column":0},"end":{"line":160,"column":27}},"160":{"start":{"line":161,"column":0},"end":{"line":161,"column":41}},"161":{"start":{"line":162,"column":0},"end":{"line":162,"column":34}},"162":{"start":{"line":163,"column":0},"end":{"line":163,"column":30}},"163":{"start":{"line":164,"column":0},"end":{"line":164,"column":66}},"164":{"start":{"line":165,"column":0},"end":{"line":165,"column":90}},"165":{"start":{"line":166,"column":0},"end":{"line":166,"column":31}},"166":{"start":{"line":167,"column":0},"end":{"line":167,"column":21}},"167":{"start":{"line":168,"column":0},"end":{"line":168,"column":62}},"168":{"start":{"line":169,"column":0},"end":{"line":169,"column":52}},"169":{"start":{"line":170,"column":0},"end":{"line":170,"column":44}},"170":{"start":{"line":171,"column":0},"end":{"line":171,"column":21}},"171":{"start":{"line":172,"column":0},"end":{"line":172,"column":33}},"172":{"start":{"line":173,"column":0},"end":{"line":173,"column":40}},"173":{"start":{"line":174,"column":0},"end":{"line":174,"column":51}},"174":{"start":{"line":175,"column":0},"end":{"line":175,"column":30}},"175":{"start":{"line":176,"column":0},"end":{"line":176,"column":52}},"176":{"start":{"line":177,"column":0},"end":{"line":177,"column":65}},"177":{"start":{"line":178,"column":0},"end":{"line":178,"column":50}},"178":{"start":{"line":179,"column":0},"end":{"line":179,"column":41}},"179":{"start":{"line":180,"column":0},"end":{"line":180,"column":38}},"180":{"start":{"line":181,"column":0},"end":{"line":181,"column":37}},"181":{"start":{"line":182,"column":0},"end":{"line":182,"column":25}},"182":{"start":{"line":183,"column":0},"end":{"line":183,"column":50}},"183":{"start":{"line":184,"column":0},"end":{"line":184,"column":31}},"184":{"start":{"line":185,"column":0},"end":{"line":185,"column":21}},"185":{"start":{"line":186,"column":0},"end":{"line":186,"column":17}},"186":{"start":{"line":187,"column":0},"end":{"line":187,"column":80}},"187":{"start":{"line":188,"column":0},"end":{"line":188,"column":13}},"188":{"start":{"line":189,"column":0},"end":{"line":189,"column":9}},"189":{"start":{"line":190,"column":0},"end":{"line":190,"column":49}},"190":{"start":{"line":191,"column":0},"end":{"line":191,"column":17}},"191":{"start":{"line":192,"column":0},"end":{"line":192,"column":17}},"192":{"start":{"line":193,"column":0},"end":{"line":193,"column":91}},"193":{"start":{"line":194,"column":0},"end":{"line":194,"column":13}},"194":{"start":{"line":195,"column":0},"end":{"line":195,"column":49}},"195":{"start":{"line":196,"column":0},"end":{"line":196,"column":9}},"196":{"start":{"line":197,"column":0},"end":{"line":197,"column":7}},"197":{"start":{"line":198,"column":0},"end":{"line":198,"column":1}},"198":{"start":{"line":199,"column":0},"end":{"line":199,"column":33}},"199":{"start":{"line":200,"column":0},"end":{"line":200,"column":57}},"200":{"start":{"line":201,"column":0},"end":{"line":201,"column":13}},"201":{"start":{"line":202,"column":0},"end":{"line":202,"column":65}},"202":{"start":{"line":203,"column":0},"end":{"line":203,"column":32}},"203":{"start":{"line":204,"column":0},"end":{"line":204,"column":68}},"204":{"start":{"line":205,"column":0},"end":{"line":205,"column":58}},"205":{"start":{"line":206,"column":0},"end":{"line":206,"column":33}},"206":{"start":{"line":207,"column":0},"end":{"line":207,"column":15}},"207":{"start":{"line":208,"column":0},"end":{"line":208,"column":132}},"208":{"start":{"line":209,"column":0},"end":{"line":209,"column":78}},"209":{"start":{"line":210,"column":0},"end":{"line":210,"column":135}},"210":{"start":{"line":211,"column":0},"end":{"line":211,"column":9}},"211":{"start":{"line":212,"column":0},"end":{"line":212,"column":21}},"212":{"start":{"line":213,"column":0},"end":{"line":213,"column":39}},"213":{"start":{"line":214,"column":0},"end":{"line":214,"column":9}},"214":{"start":{"line":215,"column":0},"end":{"line":215,"column":7}},"215":{"start":{"line":216,"column":0},"end":{"line":216,"column":1}},"216":{"start":{"line":217,"column":0},"end":{"line":217,"column":31}}},"s":{"0":1,"1":1,"2":0,"3":0,"4":0,"5":0,"6":0,"7":0,"8":1,"9":0,"10":0,"11":1,"12":1,"13":0,"14":1,"15":0,"16":1,"17":1,"18":1,"19":0,"20":0,"21":0,"22":0,"23":0,"24":1,"25":3,"26":3,"27":3,"28":3,"29":3,"30":3,"31":3,"32":3,"33":1,"34":3,"35":3,"36":3,"37":3,"38":3,"39":3,"40":1,"41":1,"42":3,"43":3,"44":3,"45":3,"46":3,"47":3,"48":3,"49":3,"50":3,"51":3,"52":1,"53":1,"54":1,"55":1,"56":1,"57":1,"58":1,"59":1,"60":1,"61":1,"62":1,"63":1,"64":1,"65":1,"66":1,"67":1,"68":1,"69":1,"70":1,"71":1,"72":1,"73":1,"74":1,"75":1,"76":1,"77":1,"78":1,"79":1,"80":1,"81":1,"82":1,"83":1,"84":152,"85":1,"86":0,"87":0,"88":0,"89":0,"90":1,"91":1,"92":152,"93":152,"94":152,"95":152,"96":152,"97":58,"98":58,"99":3,"100":3,"101":3,"102":3,"103":58,"104":152,"105":1,"106":1,"107":1,"108":1,"109":1,"110":1,"111":1,"112":1,"113":1,"114":1,"115":1,"116":1,"117":1,"118":1,"119":1,"120":1,"121":1,"122":1,"123":1,"124":1,"125":4,"126":4,"127":4,"128":4,"129":4,"130":4,"131":4,"132":1,"133":1,"134":1,"135":1,"136":1,"137":1,"138":1,"139":1,"140":1,"141":1,"142":1,"143":1,"144":1,"145":1,"146":1,"147":1,"148":1,"149":1,"150":1,"151":1,"152":1,"153":1,"154":1,"155":1,"156":1,"157":1,"158":4,"159":4,"160":4,"161":4,"162":4,"163":31,"164":58,"165":58,"166":58,"167":31,"168":27,"169":27,"170":27,"171":31,"172":31,"173":31,"174":31,"175":31,"176":153,"177":153,"178":95,"179":95,"180":68,"181":68,"182":58,"183":58,"184":58,"185":31,"186":4,"187":4,"188":1,"189":1,"190":1,"191":1,"192":1,"193":1,"194":1,"195":1,"196":1,"197":1,"198":3,"199":3,"200":3,"201":3,"202":3,"203":2,"204":1,"205":1,"206":1,"207":1,"208":1,"209":1,"210":1,"211":3,"212":2,"213":2,"214":3,"215":3,"216":1},"branchMap":{"0":{"type":"branch","line":9,"loc":{"start":{"line":9,"column":1},"end":{"line":12,"column":3}},"locations":[{"start":{"line":9,"column":1},"end":{"line":12,"column":3}}]},"1":{"type":"branch","line":15,"loc":{"start":{"line":15,"column":1},"end":{"line":17,"column":2}},"locations":[{"start":{"line":15,"column":1},"end":{"line":17,"column":2}}]},"2":{"type":"branch","line":18,"loc":{"start":{"line":18,"column":50},"end":{"line":24,"column":2}},"locations":[{"start":{"line":18,"column":50},"end":{"line":24,"column":2}}]},"3":{"type":"branch","line":19,"loc":{"start":{"line":19,"column":41},"end":{"line":24,"column":2}},"locations":[{"start":{"line":19,"column":41},"end":{"line":24,"column":2}}]},"4":{"type":"branch","line":25,"loc":{"start":{"line":25,"column":44},"end":{"line":33,"column":2}},"locations":[{"start":{"line":25,"column":44},"end":{"line":33,"column":2}}]},"5":{"type":"branch","line":26,"loc":{"start":{"line":26,"column":4},"end":{"line":26,"column":112}},"locations":[{"start":{"line":26,"column":4},"end":{"line":26,"column":112}}]},"6":{"type":"branch","line":26,"loc":{"start":{"line":26,"column":53},"end":{"line":26,"column":61}},"locations":[{"start":{"line":26,"column":53},"end":{"line":26,"column":61}}]},"7":{"type":"branch","line":26,"loc":{"start":{"line":26,"column":70},"end":{"line":26,"column":108}},"locations":[{"start":{"line":26,"column":70},"end":{"line":26,"column":108}}]},"8":{"type":"branch","line":27,"loc":{"start":{"line":27,"column":36},"end":{"line":32,"column":5}},"locations":[{"start":{"line":27,"column":36},"end":{"line":32,"column":5}}]},"9":{"type":"branch","line":28,"loc":{"start":{"line":28,"column":8},"end":{"line":28,"column":99}},"locations":[{"start":{"line":28,"column":8},"end":{"line":28,"column":99}}]},"10":{"type":"branch","line":28,"loc":{"start":{"line":28,"column":73},"end":{"line":28,"column":98}},"locations":[{"start":{"line":28,"column":73},"end":{"line":28,"column":98}}]},"11":{"type":"branch","line":29,"loc":{"start":{"line":29,"column":8},"end":{"line":29,"column":102}},"locations":[{"start":{"line":29,"column":8},"end":{"line":29,"column":102}}]},"12":{"type":"branch","line":29,"loc":{"start":{"line":29,"column":76},"end":{"line":29,"column":101}},"locations":[{"start":{"line":29,"column":76},"end":{"line":29,"column":101}}]},"13":{"type":"branch","line":30,"loc":{"start":{"line":30,"column":8},"end":{"line":30,"column":118}},"locations":[{"start":{"line":30,"column":8},"end":{"line":30,"column":118}}]},"14":{"type":"branch","line":30,"loc":{"start":{"line":30,"column":43},"end":{"line":30,"column":67}},"locations":[{"start":{"line":30,"column":43},"end":{"line":30,"column":67}}]},"15":{"type":"branch","line":30,"loc":{"start":{"line":30,"column":67},"end":{"line":30,"column":115}},"locations":[{"start":{"line":30,"column":67},"end":{"line":30,"column":115}}]},"16":{"type":"branch","line":34,"loc":{"start":{"line":34,"column":52},"end":{"line":40,"column":2}},"locations":[{"start":{"line":34,"column":52},"end":{"line":40,"column":2}}]},"17":{"type":"branch","line":35,"loc":{"start":{"line":35,"column":31},"end":{"line":35,"column":91}},"locations":[{"start":{"line":35,"column":31},"end":{"line":35,"column":91}}]},"18":{"type":"branch","line":37,"loc":{"start":{"line":37,"column":24},"end":{"line":37,"column":212}},"locations":[{"start":{"line":37,"column":24},"end":{"line":37,"column":212}}]},"19":{"type":"branch","line":41,"loc":{"start":{"line":41,"column":40},"end":{"line":41,"column":126}},"locations":[{"start":{"line":41,"column":40},"end":{"line":41,"column":126}}]},"20":{"type":"branch","line":41,"loc":{"start":{"line":41,"column":85},"end":{"line":41,"column":109}},"locations":[{"start":{"line":41,"column":85},"end":{"line":41,"column":109}}]},"21":{"type":"branch","line":41,"loc":{"start":{"line":41,"column":105},"end":{"line":41,"column":123}},"locations":[{"start":{"line":41,"column":105},"end":{"line":41,"column":123}}]},"22":{"type":"branch","line":42,"loc":{"start":{"line":42,"column":58},"end":{"line":52,"column":2}},"locations":[{"start":{"line":42,"column":58},"end":{"line":52,"column":2}}]},"23":{"type":"branch","line":43,"loc":{"start":{"line":43,"column":31},"end":{"line":43,"column":91}},"locations":[{"start":{"line":43,"column":31},"end":{"line":43,"column":91}}]},"24":{"type":"branch","line":44,"loc":{"start":{"line":44,"column":47},"end":{"line":44,"column":53}},"locations":[{"start":{"line":44,"column":47},"end":{"line":44,"column":53}}]},"25":{"type":"branch","line":45,"loc":{"start":{"line":45,"column":90},"end":{"line":45,"column":118}},"locations":[{"start":{"line":45,"column":90},"end":{"line":45,"column":118}}]},"26":{"type":"branch","line":46,"loc":{"start":{"line":46,"column":4},"end":{"line":46,"column":142}},"locations":[{"start":{"line":46,"column":4},"end":{"line":46,"column":142}}]},"27":{"type":"branch","line":46,"loc":{"start":{"line":46,"column":40},"end":{"line":46,"column":139}},"locations":[{"start":{"line":46,"column":40},"end":{"line":46,"column":139}}]},"28":{"type":"branch","line":46,"loc":{"start":{"line":46,"column":74},"end":{"line":46,"column":135}},"locations":[{"start":{"line":46,"column":74},"end":{"line":46,"column":135}}]},"29":{"type":"branch","line":47,"loc":{"start":{"line":47,"column":4},"end":{"line":47,"column":86}},"locations":[{"start":{"line":47,"column":4},"end":{"line":47,"column":86}}]},"30":{"type":"branch","line":47,"loc":{"start":{"line":47,"column":51},"end":{"line":47,"column":85}},"locations":[{"start":{"line":47,"column":51},"end":{"line":47,"column":85}}]},"31":{"type":"branch","line":48,"loc":{"start":{"line":48,"column":4},"end":{"line":48,"column":124}},"locations":[{"start":{"line":48,"column":4},"end":{"line":48,"column":124}}]},"32":{"type":"branch","line":48,"loc":{"start":{"line":48,"column":49},"end":{"line":48,"column":100}},"locations":[{"start":{"line":48,"column":49},"end":{"line":48,"column":100}}]},"33":{"type":"branch","line":48,"loc":{"start":{"line":48,"column":100},"end":{"line":48,"column":121}},"locations":[{"start":{"line":48,"column":100},"end":{"line":48,"column":121}}]},"34":{"type":"branch","line":49,"loc":{"start":{"line":49,"column":4},"end":{"line":49,"column":54}},"locations":[{"start":{"line":49,"column":4},"end":{"line":49,"column":54}}]},"35":{"type":"branch","line":51,"loc":{"start":{"line":51,"column":4},"end":{"line":51,"column":86}},"locations":[{"start":{"line":51,"column":4},"end":{"line":51,"column":86}}]},"36":{"type":"branch","line":51,"loc":{"start":{"line":51,"column":59},"end":{"line":51,"column":85}},"locations":[{"start":{"line":51,"column":59},"end":{"line":51,"column":85}}]},"37":{"type":"branch","line":53,"loc":{"start":{"line":53,"column":56},"end":{"line":55,"column":2}},"locations":[{"start":{"line":53,"column":56},"end":{"line":55,"column":2}}]},"38":{"type":"branch","line":54,"loc":{"start":{"line":54,"column":33},"end":{"line":54,"column":40}},"locations":[{"start":{"line":54,"column":33},"end":{"line":54,"column":40}}]},"39":{"type":"branch","line":69,"loc":{"start":{"line":69,"column":0},"end":{"line":120,"column":1}},"locations":[{"start":{"line":69,"column":0},"end":{"line":120,"column":1}}]},"40":{"type":"branch","line":70,"loc":{"start":{"line":70,"column":45},"end":{"line":119,"column":5}},"locations":[{"start":{"line":70,"column":45},"end":{"line":119,"column":5}}]},"41":{"type":"branch","line":79,"loc":{"start":{"line":79,"column":131},"end":{"line":79,"column":173}},"locations":[{"start":{"line":79,"column":131},"end":{"line":79,"column":173}}]},"42":{"type":"branch","line":84,"loc":{"start":{"line":84,"column":69},"end":{"line":105,"column":17}},"locations":[{"start":{"line":84,"column":69},"end":{"line":105,"column":17}}]},"43":{"type":"branch","line":85,"loc":{"start":{"line":85,"column":36},"end":{"line":92,"column":21}},"locations":[{"start":{"line":85,"column":36},"end":{"line":92,"column":21}}]},"44":{"type":"branch","line":86,"loc":{"start":{"line":86,"column":66},"end":{"line":90,"column":25}},"locations":[{"start":{"line":86,"column":66},"end":{"line":90,"column":25}}]},"45":{"type":"branch","line":94,"loc":{"start":{"line":94,"column":56},"end":{"line":95,"column":71}},"locations":[{"start":{"line":94,"column":56},"end":{"line":95,"column":71}}]},"46":{"type":"branch","line":97,"loc":{"start":{"line":97,"column":40},"end":{"line":104,"column":21}},"locations":[{"start":{"line":97,"column":40},"end":{"line":104,"column":21}}]},"47":{"type":"branch","line":99,"loc":{"start":{"line":99,"column":45},"end":{"line":103,"column":25}},"locations":[{"start":{"line":99,"column":45},"end":{"line":103,"column":25}}]},"48":{"type":"branch","line":108,"loc":{"start":{"line":108,"column":65},"end":{"line":108,"column":78}},"locations":[{"start":{"line":108,"column":65},"end":{"line":108,"column":78}}]},"49":{"type":"branch","line":112,"loc":{"start":{"line":112,"column":8},"end":{"line":112,"column":49}},"locations":[{"start":{"line":112,"column":8},"end":{"line":112,"column":49}}]},"50":{"type":"branch","line":115,"loc":{"start":{"line":115,"column":23},"end":{"line":115,"column":30}},"locations":[{"start":{"line":115,"column":23},"end":{"line":115,"column":30}}]},"51":{"type":"branch","line":115,"loc":{"start":{"line":115,"column":30},"end":{"line":115,"column":58}},"locations":[{"start":{"line":115,"column":30},"end":{"line":115,"column":58}}]},"52":{"type":"branch","line":115,"loc":{"start":{"line":115,"column":60},"end":{"line":115,"column":95}},"locations":[{"start":{"line":115,"column":60},"end":{"line":115,"column":95}}]},"53":{"type":"branch","line":117,"loc":{"start":{"line":117,"column":31},"end":{"line":117,"column":48}},"locations":[{"start":{"line":117,"column":31},"end":{"line":117,"column":48}}]},"54":{"type":"branch","line":121,"loc":{"start":{"line":121,"column":0},"end":{"line":142,"column":1}},"locations":[{"start":{"line":121,"column":0},"end":{"line":142,"column":1}}]},"55":{"type":"branch","line":122,"loc":{"start":{"line":122,"column":45},"end":{"line":141,"column":5}},"locations":[{"start":{"line":122,"column":45},"end":{"line":141,"column":5}}]},"56":{"type":"branch","line":125,"loc":{"start":{"line":125,"column":121},"end":{"line":125,"column":161}},"locations":[{"start":{"line":125,"column":121},"end":{"line":125,"column":161}}]},"57":{"type":"branch","line":125,"loc":{"start":{"line":125,"column":161},"end":{"line":132,"column":13}},"locations":[{"start":{"line":125,"column":161},"end":{"line":132,"column":13}}]},"58":{"type":"branch","line":134,"loc":{"start":{"line":134,"column":8},"end":{"line":134,"column":49}},"locations":[{"start":{"line":134,"column":8},"end":{"line":134,"column":49}}]},"59":{"type":"branch","line":137,"loc":{"start":{"line":137,"column":23},"end":{"line":137,"column":30}},"locations":[{"start":{"line":137,"column":23},"end":{"line":137,"column":30}}]},"60":{"type":"branch","line":137,"loc":{"start":{"line":137,"column":30},"end":{"line":137,"column":56}},"locations":[{"start":{"line":137,"column":30},"end":{"line":137,"column":56}}]},"61":{"type":"branch","line":137,"loc":{"start":{"line":137,"column":58},"end":{"line":137,"column":91}},"locations":[{"start":{"line":137,"column":58},"end":{"line":137,"column":91}}]},"62":{"type":"branch","line":139,"loc":{"start":{"line":139,"column":31},"end":{"line":139,"column":48}},"locations":[{"start":{"line":139,"column":31},"end":{"line":139,"column":48}}]},"63":{"type":"branch","line":143,"loc":{"start":{"line":143,"column":0},"end":{"line":198,"column":1}},"locations":[{"start":{"line":143,"column":0},"end":{"line":198,"column":1}}]},"64":{"type":"branch","line":144,"loc":{"start":{"line":144,"column":45},"end":{"line":197,"column":5}},"locations":[{"start":{"line":144,"column":45},"end":{"line":197,"column":5}}]},"65":{"type":"branch","line":158,"loc":{"start":{"line":158,"column":121},"end":{"line":158,"column":161}},"locations":[{"start":{"line":158,"column":121},"end":{"line":158,"column":161}}]},"66":{"type":"branch","line":158,"loc":{"start":{"line":158,"column":161},"end":{"line":188,"column":13}},"locations":[{"start":{"line":158,"column":161},"end":{"line":188,"column":13}}]},"67":{"type":"branch","line":163,"loc":{"start":{"line":163,"column":29},"end":{"line":186,"column":17}},"locations":[{"start":{"line":163,"column":29},"end":{"line":186,"column":17}}]},"68":{"type":"branch","line":164,"loc":{"start":{"line":164,"column":35},"end":{"line":164,"column":63}},"locations":[{"start":{"line":164,"column":35},"end":{"line":164,"column":63}}]},"69":{"type":"branch","line":164,"loc":{"start":{"line":164,"column":65},"end":{"line":167,"column":21}},"locations":[{"start":{"line":164,"column":65},"end":{"line":167,"column":21}}]},"70":{"type":"branch","line":165,"loc":{"start":{"line":165,"column":57},"end":{"line":165,"column":64}},"locations":[{"start":{"line":165,"column":57},"end":{"line":165,"column":64}}]},"71":{"type":"branch","line":168,"loc":{"start":{"line":168,"column":34},"end":{"line":168,"column":59}},"locations":[{"start":{"line":168,"column":34},"end":{"line":168,"column":59}}]},"72":{"type":"branch","line":168,"loc":{"start":{"line":168,"column":61},"end":{"line":171,"column":21}},"locations":[{"start":{"line":168,"column":61},"end":{"line":171,"column":21}}]},"73":{"type":"branch","line":173,"loc":{"start":{"line":173,"column":24},"end":{"line":173,"column":40}},"locations":[{"start":{"line":173,"column":24},"end":{"line":173,"column":40}}]},"74":{"type":"branch","line":175,"loc":{"start":{"line":175,"column":24},"end":{"line":175,"column":30}},"locations":[{"start":{"line":175,"column":24},"end":{"line":175,"column":30}}]},"75":{"type":"branch","line":175,"loc":{"start":{"line":175,"column":24},"end":{"line":176,"column":51}},"locations":[{"start":{"line":175,"column":24},"end":{"line":176,"column":51}}]},"76":{"type":"branch","line":176,"loc":{"start":{"line":176,"column":51},"end":{"line":185,"column":21}},"locations":[{"start":{"line":176,"column":51},"end":{"line":185,"column":21}}]},"77":{"type":"branch","line":178,"loc":{"start":{"line":178,"column":49},"end":{"line":182,"column":25}},"locations":[{"start":{"line":178,"column":49},"end":{"line":182,"column":25}}]},"78":{"type":"branch","line":180,"loc":{"start":{"line":180,"column":32},"end":{"line":180,"column":38}},"locations":[{"start":{"line":180,"column":32},"end":{"line":180,"column":38}}]},"79":{"type":"branch","line":180,"loc":{"start":{"line":180,"column":32},"end":{"line":182,"column":25}},"locations":[{"start":{"line":180,"column":32},"end":{"line":182,"column":25}}]},"80":{"type":"branch","line":182,"loc":{"start":{"line":182,"column":24},"end":{"line":185,"column":21}},"locations":[{"start":{"line":182,"column":24},"end":{"line":185,"column":21}}]},"81":{"type":"branch","line":187,"loc":{"start":{"line":187,"column":66},"end":{"line":187,"column":72}},"locations":[{"start":{"line":187,"column":66},"end":{"line":187,"column":72}}]},"82":{"type":"branch","line":187,"loc":{"start":{"line":187,"column":72},"end":{"line":187,"column":77}},"locations":[{"start":{"line":187,"column":72},"end":{"line":187,"column":77}}]},"83":{"type":"branch","line":190,"loc":{"start":{"line":190,"column":8},"end":{"line":190,"column":49}},"locations":[{"start":{"line":190,"column":8},"end":{"line":190,"column":49}}]},"84":{"type":"branch","line":193,"loc":{"start":{"line":193,"column":23},"end":{"line":193,"column":30}},"locations":[{"start":{"line":193,"column":23},"end":{"line":193,"column":30}}]},"85":{"type":"branch","line":193,"loc":{"start":{"line":193,"column":30},"end":{"line":193,"column":56}},"locations":[{"start":{"line":193,"column":30},"end":{"line":193,"column":56}}]},"86":{"type":"branch","line":193,"loc":{"start":{"line":193,"column":58},"end":{"line":193,"column":91}},"locations":[{"start":{"line":193,"column":58},"end":{"line":193,"column":91}}]},"87":{"type":"branch","line":195,"loc":{"start":{"line":195,"column":31},"end":{"line":195,"column":48}},"locations":[{"start":{"line":195,"column":31},"end":{"line":195,"column":48}}]},"88":{"type":"branch","line":199,"loc":{"start":{"line":199,"column":0},"end":{"line":216,"column":1}},"locations":[{"start":{"line":199,"column":0},"end":{"line":216,"column":1}}]},"89":{"type":"branch","line":200,"loc":{"start":{"line":200,"column":43},"end":{"line":215,"column":5}},"locations":[{"start":{"line":200,"column":43},"end":{"line":215,"column":5}}]},"90":{"type":"branch","line":203,"loc":{"start":{"line":203,"column":16},"end":{"line":203,"column":32}},"locations":[{"start":{"line":203,"column":16},"end":{"line":203,"column":32}}]},"91":{"type":"branch","line":203,"loc":{"start":{"line":203,"column":31},"end":{"line":204,"column":68}},"locations":[{"start":{"line":203,"column":31},"end":{"line":204,"column":68}}]},"92":{"type":"branch","line":204,"loc":{"start":{"line":204,"column":67},"end":{"line":211,"column":9}},"locations":[{"start":{"line":204,"column":67},"end":{"line":211,"column":9}}]},"93":{"type":"branch","line":212,"loc":{"start":{"line":212,"column":8},"end":{"line":214,"column":9}},"locations":[{"start":{"line":212,"column":8},"end":{"line":214,"column":9}}]}},"b":{"0":[0],"1":[0],"2":[1],"3":[0],"4":[3],"5":[3],"6":[0],"7":[3],"8":[3],"9":[2],"10":[0],"11":[1],"12":[0],"13":[6],"14":[3],"15":[3],"16":[3],"17":[0],"18":[0],"19":[60],"20":[30],"21":[30],"22":[3],"23":[0],"24":[0],"25":[3],"26":[9],"27":[15],"28":[15],"29":[45],"30":[0],"31":[45],"32":[30],"33":[15],"34":[30],"35":[15],"36":[0],"37":[1],"38":[0],"39":[1],"40":[1],"41":[2],"42":[152],"43":[1],"44":[0],"45":[58],"46":[58],"47":[3],"48":[0],"49":[0],"50":[0],"51":[0],"52":[0],"53":[0],"54":[1],"55":[1],"56":[5],"57":[4],"58":[0],"59":[0],"60":[0],"61":[0],"62":[0],"63":[1],"64":[1],"65":[5],"66":[4],"67":[31],"68":[60],"69":[58],"70":[31],"71":[29],"72":[27],"73":[2],"74":[4],"75":[27],"76":[153],"77":[95],"78":[27],"79":[68],"80":[58],"81":[2],"82":[2],"83":[0],"84":[0],"85":[0],"86":[0],"87":[0],"88":[3],"89":[3],"90":[1],"91":[2],"92":[1],"93":[2]},"fnMap":{"0":{"name":"Object.<anonymous>.__createBinding","decl":{"start":{"line":2,"column":74},"end":{"line":9,"column":6}},"loc":{"start":{"line":2,"column":74},"end":{"line":9,"column":6}},"line":2},"1":{"name":"Object.<anonymous>.__createBinding","decl":{"start":{"line":9,"column":6},"end":{"line":12,"column":3}},"loc":{"start":{"line":9,"column":6},"end":{"line":12,"column":3}},"line":9},"2":{"name":"Object.<anonymous>.__setModuleDefault","decl":{"start":{"line":13,"column":80},"end":{"line":15,"column":5}},"loc":{"start":{"line":13,"column":80},"end":{"line":15,"column":5}},"line":13},"3":{"name":"Object.<anonymous>.__setModuleDefault","decl":{"start":{"line":15,"column":5},"end":{"line":17,"column":2}},"loc":{"start":{"line":15,"column":5},"end":{"line":17,"column":2}},"line":15},"4":{"name":"Object.<anonymous>.__importStar","decl":{"start":{"line":18,"column":50},"end":{"line":24,"column":2}},"loc":{"start":{"line":18,"column":50},"end":{"line":24,"column":2}},"line":18},"5":{"name":"Object.<anonymous>.__awaiter","decl":{"start":{"line":25,"column":44},"end":{"line":33,"column":2}},"loc":{"start":{"line":25,"column":44},"end":{"line":33,"column":2}},"line":25},"6":{"name":"adopt","decl":{"start":{"line":26,"column":4},"end":{"line":26,"column":112}},"loc":{"start":{"line":26,"column":4},"end":{"line":26,"column":112}},"line":26},"7":{"name":"fulfilled","decl":{"start":{"line":28,"column":8},"end":{"line":28,"column":99}},"loc":{"start":{"line":28,"column":8},"end":{"line":28,"column":99}},"line":28},"8":{"name":"rejected","decl":{"start":{"line":29,"column":8},"end":{"line":29,"column":102}},"loc":{"start":{"line":29,"column":8},"end":{"line":29,"column":102}},"line":29},"9":{"name":"step","decl":{"start":{"line":30,"column":8},"end":{"line":30,"column":118}},"loc":{"start":{"line":30,"column":8},"end":{"line":30,"column":118}},"line":30},"10":{"name":"Object.<anonymous>.__asyncValues","decl":{"start":{"line":34,"column":52},"end":{"line":40,"column":2}},"loc":{"start":{"line":34,"column":52},"end":{"line":40,"column":2}},"line":34},"11":{"name":"i.<computed>","decl":{"start":{"line":37,"column":180},"end":{"line":37,"column":208}},"loc":{"start":{"line":37,"column":180},"end":{"line":37,"column":208}},"line":37},"12":{"name":"verb","decl":{"start":{"line":38,"column":4},"end":{"line":38,"column":164}},"loc":{"start":{"line":38,"column":4},"end":{"line":38,"column":164}},"line":38},"13":{"name":"settle","decl":{"start":{"line":39,"column":4},"end":{"line":39,"column":128}},"loc":{"start":{"line":39,"column":4},"end":{"line":39,"column":128}},"line":39},"14":{"name":"Object.<anonymous>.__await","decl":{"start":{"line":41,"column":40},"end":{"line":41,"column":126}},"loc":{"start":{"line":41,"column":40},"end":{"line":41,"column":126}},"line":41},"15":{"name":"Object.<anonymous>.__asyncGenerator","decl":{"start":{"line":42,"column":58},"end":{"line":52,"column":2}},"loc":{"start":{"line":42,"column":58},"end":{"line":52,"column":2}},"line":42},"16":{"name":"i.<computed>","decl":{"start":{"line":45,"column":90},"end":{"line":45,"column":118}},"loc":{"start":{"line":45,"column":90},"end":{"line":45,"column":118}},"line":45},"17":{"name":"verb","decl":{"start":{"line":46,"column":4},"end":{"line":46,"column":142}},"loc":{"start":{"line":46,"column":4},"end":{"line":46,"column":142}},"line":46},"18":{"name":"i.<computed>","decl":{"start":{"line":46,"column":40},"end":{"line":46,"column":139}},"loc":{"start":{"line":46,"column":40},"end":{"line":46,"column":139}},"line":46},"19":{"name":"resume","decl":{"start":{"line":47,"column":4},"end":{"line":47,"column":86}},"loc":{"start":{"line":47,"column":4},"end":{"line":47,"column":86}},"line":47},"20":{"name":"step","decl":{"start":{"line":48,"column":4},"end":{"line":48,"column":124}},"loc":{"start":{"line":48,"column":4},"end":{"line":48,"column":124}},"line":48},"21":{"name":"fulfill","decl":{"start":{"line":49,"column":4},"end":{"line":49,"column":54}},"loc":{"start":{"line":49,"column":4},"end":{"line":49,"column":54}},"line":49},"22":{"name":"reject","decl":{"start":{"line":50,"column":4},"end":{"line":50,"column":54}},"loc":{"start":{"line":50,"column":4},"end":{"line":50,"column":54}},"line":50},"23":{"name":"settle","decl":{"start":{"line":51,"column":4},"end":{"line":51,"column":86}},"loc":{"start":{"line":51,"column":4},"end":{"line":51,"column":86}},"line":51},"24":{"name":"Object.<anonymous>.__importDefault","decl":{"start":{"line":53,"column":56},"end":{"line":55,"column":2}},"loc":{"start":{"line":53,"column":56},"end":{"line":55,"column":2}},"line":53},"25":{"name":"getMultiLines","decl":{"start":{"line":69,"column":0},"end":{"line":120,"column":1}},"loc":{"start":{"line":69,"column":0},"end":{"line":120,"column":1}},"line":69},"26":{"name":"getMultiLines_1","decl":{"start":{"line":70,"column":45},"end":{"line":119,"column":5}},"loc":{"start":{"line":70,"column":45},"end":{"line":119,"column":5}},"line":70},"27":{"name":"transform","decl":{"start":{"line":121,"column":0},"end":{"line":142,"column":1}},"loc":{"start":{"line":121,"column":0},"end":{"line":142,"column":1}},"line":121},"28":{"name":"transform_1","decl":{"start":{"line":122,"column":45},"end":{"line":141,"column":5}},"loc":{"start":{"line":122,"column":45},"end":{"line":141,"column":5}},"line":122},"29":{"name":"transform2","decl":{"start":{"line":143,"column":0},"end":{"line":198,"column":1}},"loc":{"start":{"line":143,"column":0},"end":{"line":198,"column":1}},"line":143},"30":{"name":"transform2_1","decl":{"start":{"line":144,"column":45},"end":{"line":197,"column":5}},"loc":{"start":{"line":144,"column":45},"end":{"line":197,"column":5}},"line":144},"31":{"name":"translateAll","decl":{"start":{"line":199,"column":0},"end":{"line":216,"column":1}},"loc":{"start":{"line":199,"column":0},"end":{"line":216,"column":1}},"line":199}},"f":{"0":0,"1":0,"2":0,"3":0,"4":1,"5":3,"6":3,"7":2,"8":1,"9":6,"10":3,"11":0,"12":0,"13":0,"14":60,"15":3,"16":3,"17":9,"18":15,"19":45,"20":45,"21":30,"22":0,"23":15,"24":1,"25":1,"26":1,"27":1,"28":1,"29":1,"30":1,"31":3}}
}
