TN:
SF:dist\utils\fetchTranslated.js
FN:2,Object.<anonymous>.__importDefault
FN:13,fetchTranslated
FNF:2
FNH:2
FNDA:2,Object.<anonymous>.__importDefault
FNDA:6,fetchTranslated
DA:1,1
DA:2,1
DA:3,2
DA:4,2
DA:5,1
DA:6,1
DA:7,1
DA:8,1
DA:9,1
DA:10,2
DA:11,2
DA:12,1
DA:13,6
DA:14,6
DA:15,6
DA:16,6
DA:17,6
DA:18,6
DA:19,6
DA:20,6
DA:21,6
DA:22,6
DA:23,6
DA:24,6
DA:25,6
DA:26,6
DA:27,6
DA:28,6
DA:29,6
DA:30,6
DA:31,6
DA:32,6
DA:33,6
DA:34,6
DA:35,6
DA:36,6
DA:37,6
DA:38,6
DA:39,0
DA:40,0
DA:41,6
DA:42,1
LF:42
LH:40
BRDA:2,0,0,2
BRDA:3,1,0,0
BRDA:9,2,0,2
BRDA:13,3,0,6
BRDA:38,4,0,0
BRF:5
BRH:3
end_of_record
TN:
SF:dist\utils\translateAll.js
FN:2,Object.<anonymous>.__createBinding
FN:9,Object.<anonymous>.__createBinding
FN:13,Object.<anonymous>.__setModuleDefault
FN:15,Object.<anonymous>.__setModuleDefault
FN:18,Object.<anonymous>.__importStar
FN:25,Object.<anonymous>.__importDefault
FN:41,getMultiLines
FN:78,transform
FN:85,transform2
FN:126,translateAll
FNF:10
FNH:6
FNDA:0,Object.<anonymous>.__createBinding
FNDA:0,Object.<anonymous>.__createBinding
FNDA:0,Object.<anonymous>.__setModuleDefault
FNDA:0,Object.<anonymous>.__setModuleDefault
FNDA:1,Object.<anonymous>.__importStar
FNDA:1,Object.<anonymous>.__importDefault
FNDA:1,getMultiLines
FNDA:1,transform
FNDA:1,transform2
FNDA:3,translateAll
DA:1,1
DA:2,1
DA:3,0
DA:4,0
DA:5,0
DA:6,0
DA:7,0
DA:8,0
DA:9,1
DA:10,0
DA:11,0
DA:12,1
DA:13,1
DA:14,0
DA:15,1
DA:16,0
DA:17,1
DA:18,1
DA:19,1
DA:20,0
DA:21,0
DA:22,0
DA:23,0
DA:24,0
DA:25,1
DA:26,1
DA:27,1
DA:28,1
DA:29,1
DA:30,1
DA:31,1
DA:32,1
DA:33,1
DA:34,1
DA:35,1
DA:36,1
DA:37,1
DA:38,1
DA:39,1
DA:40,1
DA:41,1
DA:42,1
DA:43,1
DA:44,1
DA:45,1
DA:46,1
DA:47,1
DA:48,1
DA:49,1
DA:50,1
DA:51,152
DA:52,1
DA:53,0
DA:54,0
DA:55,0
DA:56,0
DA:57,1
DA:58,1
DA:59,152
DA:60,152
DA:61,152
DA:62,152
DA:63,152
DA:64,58
DA:65,58
DA:66,3
DA:67,3
DA:68,3
DA:69,3
DA:70,58
DA:71,152
DA:72,1
DA:73,1
DA:74,1
DA:75,1
DA:76,1
DA:77,1
DA:78,1
DA:79,1
DA:80,4
DA:81,4
DA:82,4
DA:83,4
DA:84,1
DA:85,1
DA:86,1
DA:87,1
DA:88,1
DA:89,1
DA:90,1
DA:91,1
DA:92,1
DA:93,1
DA:94,1
DA:95,1
DA:96,1
DA:97,1
DA:98,4
DA:99,4
DA:100,31
DA:101,58
DA:102,58
DA:103,58
DA:104,31
DA:105,27
DA:106,27
DA:107,27
DA:108,31
DA:109,31
DA:110,31
DA:111,31
DA:112,31
DA:113,153
DA:114,153
DA:115,95
DA:116,95
DA:117,68
DA:118,68
DA:119,58
DA:120,58
DA:121,58
DA:122,31
DA:123,4
DA:124,4
DA:125,1
DA:126,3
DA:127,3
DA:128,3
DA:129,3
DA:130,2
DA:131,1
DA:132,1
DA:133,1
DA:134,1
DA:135,1
DA:136,1
DA:137,1
DA:138,3
DA:139,2
DA:140,2
DA:141,3
DA:142,1
LF:142
LH:123
BRDA:9,0,0,0
BRDA:15,1,0,0
BRDA:18,2,0,1
BRDA:19,3,0,0
BRDA:25,4,0,1
BRDA:26,5,0,0
BRDA:41,6,0,1
BRDA:50,7,0,152
BRDA:51,8,0,1
BRDA:52,9,0,0
BRDA:60,10,0,58
BRDA:63,11,0,58
BRDA:65,12,0,3
BRDA:74,13,0,0
BRDA:78,14,0,1
BRDA:79,15,0,4
BRDA:85,16,0,1
BRDA:97,17,0,4
BRDA:99,18,0,31
BRDA:100,19,0,60
BRDA:100,20,0,58
BRDA:101,21,0,31
BRDA:104,22,0,29
BRDA:104,23,0,27
BRDA:109,24,0,2
BRDA:111,25,0,4
BRDA:111,26,0,27
BRDA:112,27,0,153
BRDA:114,28,0,95
BRDA:116,29,0,27
BRDA:116,30,0,68
BRDA:118,31,0,58
BRDA:123,32,0,2
BRDA:123,33,0,2
BRDA:126,34,0,3
BRDA:129,35,0,1
BRDA:129,36,0,2
BRDA:130,37,0,1
BRDA:138,38,0,2
BRF:39
BRH:33
end_of_record
