TN:
SF:dist\actions\fetchTranslated.js
FN:2,Object.<anonymous>.__awaiter
FN:3,adopt
FN:5,fulfilled
FN:6,rejected
FN:7,step
FN:11,Object.<anonymous>.__importDefault
FN:22,fetchTranslated
FNF:7
FNH:6
FNDA:6,Object.<anonymous>.__awaiter
FNDA:6,adopt
FNDA:6,fulfilled
FNDA:0,rejected
FNDA:12,step
FNDA:2,Object.<anonymous>.__importDefault
FNDA:6,fetchTranslated
DA:1,1
DA:2,1
DA:3,6
DA:4,6
DA:5,6
DA:6,6
DA:7,6
DA:8,6
DA:9,6
DA:10,6
DA:11,1
DA:12,2
DA:13,2
DA:14,1
DA:15,1
DA:16,1
DA:17,1
DA:18,1
DA:19,2
DA:20,2
DA:21,1
DA:22,6
DA:23,6
DA:24,6
DA:25,6
DA:26,6
DA:27,6
DA:28,6
DA:29,6
DA:30,6
DA:31,6
DA:32,6
DA:33,6
DA:34,6
DA:35,6
DA:36,6
DA:37,6
DA:38,6
DA:39,6
DA:40,6
DA:41,6
DA:42,6
DA:43,6
DA:44,6
DA:45,6
DA:46,6
DA:47,6
DA:48,6
DA:49,0
DA:50,0
DA:51,6
DA:52,6
DA:53,1
LF:53
LH:51
BRDA:2,0,0,6
BRDA:3,1,0,6
BRDA:3,2,0,0
BRDA:4,3,0,6
BRDA:5,4,0,6
BRDA:5,5,0,0
BRDA:7,6,0,12
BRDA:7,7,0,6
BRDA:7,8,0,6
BRDA:11,9,0,2
BRDA:12,10,0,0
BRDA:18,11,0,2
BRDA:22,12,0,6
BRDA:23,13,0,6
BRDA:48,14,0,0
BRF:15
BRH:11
end_of_record
TN:
SF:dist\actions\translateAll.js
FN:2,Object.<anonymous>.__createBinding
FN:9,Object.<anonymous>.__createBinding
FN:13,Object.<anonymous>.__setModuleDefault
FN:15,Object.<anonymous>.__setModuleDefault
FN:18,Object.<anonymous>.__importStar
FN:25,Object.<anonymous>.__awaiter
FN:26,adopt
FN:28,fulfilled
FN:29,rejected
FN:30,step
FN:34,Object.<anonymous>.__asyncValues
FN:37,i.<computed>
FN:38,verb
FN:39,settle
FN:41,Object.<anonymous>.__await
FN:42,Object.<anonymous>.__asyncGenerator
FN:45,i.<computed>
FN:46,verb
FN:46,i.<computed>
FN:47,resume
FN:48,step
FN:49,fulfill
FN:50,reject
FN:51,settle
FN:53,Object.<anonymous>.__importDefault
FN:69,getMultiLines
FN:70,getMultiLines_1
FN:121,transform
FN:122,transform_1
FN:143,transform2
FN:144,transform2_1
FN:199,translateAll
FNF:32
FNH:24
FNDA:0,Object.<anonymous>.__createBinding
FNDA:0,Object.<anonymous>.__createBinding
FNDA:0,Object.<anonymous>.__setModuleDefault
FNDA:0,Object.<anonymous>.__setModuleDefault
FNDA:1,Object.<anonymous>.__importStar
FNDA:3,Object.<anonymous>.__awaiter
FNDA:3,adopt
FNDA:2,fulfilled
FNDA:1,rejected
FNDA:6,step
FNDA:3,Object.<anonymous>.__asyncValues
FNDA:0,i.<computed>
FNDA:0,verb
FNDA:0,settle
FNDA:60,Object.<anonymous>.__await
FNDA:3,Object.<anonymous>.__asyncGenerator
FNDA:3,i.<computed>
FNDA:9,verb
FNDA:15,i.<computed>
FNDA:45,resume
FNDA:45,step
FNDA:30,fulfill
FNDA:0,reject
FNDA:15,settle
FNDA:1,Object.<anonymous>.__importDefault
FNDA:1,getMultiLines
FNDA:1,getMultiLines_1
FNDA:1,transform
FNDA:1,transform_1
FNDA:1,transform2
FNDA:1,transform2_1
FNDA:3,translateAll
DA:1,1
DA:2,1
DA:3,0
DA:4,0
DA:5,0
DA:6,0
DA:7,0
DA:8,0
DA:9,1
DA:10,0
DA:11,0
DA:12,1
DA:13,1
DA:14,0
DA:15,1
DA:16,0
DA:17,1
DA:18,1
DA:19,1
DA:20,0
DA:21,0
DA:22,0
DA:23,0
DA:24,0
DA:25,1
DA:26,3
DA:27,3
DA:28,3
DA:29,3
DA:30,3
DA:31,3
DA:32,3
DA:33,3
DA:34,1
DA:35,3
DA:36,3
DA:37,3
DA:38,3
DA:39,3
DA:40,3
DA:41,1
DA:42,1
DA:43,3
DA:44,3
DA:45,3
DA:46,3
DA:47,3
DA:48,3
DA:49,3
DA:50,3
DA:51,3
DA:52,3
DA:53,1
DA:54,1
DA:55,1
DA:56,1
DA:57,1
DA:58,1
DA:59,1
DA:60,1
DA:61,1
DA:62,1
DA:63,1
DA:64,1
DA:65,1
DA:66,1
DA:67,1
DA:68,1
DA:69,1
DA:70,1
DA:71,1
DA:72,1
DA:73,1
DA:74,1
DA:75,1
DA:76,1
DA:77,1
DA:78,1
DA:79,1
DA:80,1
DA:81,1
DA:82,1
DA:83,1
DA:84,1
DA:85,152
DA:86,1
DA:87,0
DA:88,0
DA:89,0
DA:90,0
DA:91,1
DA:92,1
DA:93,152
DA:94,152
DA:95,152
DA:96,152
DA:97,152
DA:98,58
DA:99,58
DA:100,3
DA:101,3
DA:102,3
DA:103,3
DA:104,58
DA:105,152
DA:106,1
DA:107,1
DA:108,1
DA:109,1
DA:110,1
DA:111,1
DA:112,1
DA:113,1
DA:114,1
DA:115,1
DA:116,1
DA:117,1
DA:118,1
DA:119,1
DA:120,1
DA:121,1
DA:122,1
DA:123,1
DA:124,1
DA:125,1
DA:126,4
DA:127,4
DA:128,4
DA:129,4
DA:130,4
DA:131,4
DA:132,4
DA:133,1
DA:134,1
DA:135,1
DA:136,1
DA:137,1
DA:138,1
DA:139,1
DA:140,1
DA:141,1
DA:142,1
DA:143,1
DA:144,1
DA:145,1
DA:146,1
DA:147,1
DA:148,1
DA:149,1
DA:150,1
DA:151,1
DA:152,1
DA:153,1
DA:154,1
DA:155,1
DA:156,1
DA:157,1
DA:158,1
DA:159,4
DA:160,4
DA:161,4
DA:162,4
DA:163,4
DA:164,31
DA:165,58
DA:166,58
DA:167,58
DA:168,31
DA:169,27
DA:170,27
DA:171,27
DA:172,31
DA:173,31
DA:174,31
DA:175,31
DA:176,31
DA:177,153
DA:178,153
DA:179,95
DA:180,95
DA:181,68
DA:182,68
DA:183,58
DA:184,58
DA:185,58
DA:186,31
DA:187,4
DA:188,4
DA:189,1
DA:190,1
DA:191,1
DA:192,1
DA:193,1
DA:194,1
DA:195,1
DA:196,1
DA:197,1
DA:198,1
DA:199,3
DA:200,3
DA:201,3
DA:202,3
DA:203,3
DA:204,2
DA:205,1
DA:206,1
DA:207,1
DA:208,1
DA:209,1
DA:210,1
DA:211,1
DA:212,3
DA:213,2
DA:214,2
DA:215,3
DA:216,3
DA:217,1
LF:217
LH:198
BRDA:9,0,0,0
BRDA:15,1,0,0
BRDA:18,2,0,1
BRDA:19,3,0,0
BRDA:25,4,0,3
BRDA:26,5,0,3
BRDA:26,6,0,0
BRDA:26,7,0,3
BRDA:27,8,0,3
BRDA:28,9,0,2
BRDA:28,10,0,0
BRDA:29,11,0,1
BRDA:29,12,0,0
BRDA:30,13,0,6
BRDA:30,14,0,3
BRDA:30,15,0,3
BRDA:34,16,0,3
BRDA:35,17,0,0
BRDA:37,18,0,0
BRDA:41,19,0,60
BRDA:41,20,0,30
BRDA:41,21,0,30
BRDA:42,22,0,3
BRDA:43,23,0,0
BRDA:44,24,0,0
BRDA:45,25,0,3
BRDA:46,26,0,9
BRDA:46,27,0,15
BRDA:46,28,0,15
BRDA:47,29,0,45
BRDA:47,30,0,0
BRDA:48,31,0,45
BRDA:48,32,0,30
BRDA:48,33,0,15
BRDA:49,34,0,30
BRDA:51,35,0,15
BRDA:51,36,0,0
BRDA:53,37,0,1
BRDA:54,38,0,0
BRDA:69,39,0,1
BRDA:70,40,0,1
BRDA:79,41,0,2
BRDA:84,42,0,152
BRDA:85,43,0,1
BRDA:86,44,0,0
BRDA:94,45,0,58
BRDA:97,46,0,58
BRDA:99,47,0,3
BRDA:108,48,0,0
BRDA:112,49,0,0
BRDA:115,50,0,0
BRDA:115,51,0,0
BRDA:115,52,0,0
BRDA:117,53,0,0
BRDA:121,54,0,1
BRDA:122,55,0,1
BRDA:125,56,0,5
BRDA:125,57,0,4
BRDA:134,58,0,0
BRDA:137,59,0,0
BRDA:137,60,0,0
BRDA:137,61,0,0
BRDA:139,62,0,0
BRDA:143,63,0,1
BRDA:144,64,0,1
BRDA:158,65,0,5
BRDA:158,66,0,4
BRDA:163,67,0,31
BRDA:164,68,0,60
BRDA:164,69,0,58
BRDA:165,70,0,31
BRDA:168,71,0,29
BRDA:168,72,0,27
BRDA:173,73,0,2
BRDA:175,74,0,4
BRDA:175,75,0,27
BRDA:176,76,0,153
BRDA:178,77,0,95
BRDA:180,78,0,27
BRDA:180,79,0,68
BRDA:182,80,0,58
BRDA:187,81,0,2
BRDA:187,82,0,2
BRDA:190,83,0,0
BRDA:193,84,0,0
BRDA:193,85,0,0
BRDA:193,86,0,0
BRDA:195,87,0,0
BRDA:199,88,0,3
BRDA:200,89,0,3
BRDA:203,90,0,1
BRDA:203,91,0,2
BRDA:204,92,0,1
BRDA:212,93,0,2
BRF:94
BRH:64
end_of_record
